ARM GAS  C:\Users\micke\AppData\Local\Temp\cc4B4FB9.s 			page 1


   1              		.cpu cortex-m7
   2              		.eabi_attribute 28, 1
   3              		.eabi_attribute 20, 1
   4              		.eabi_attribute 21, 1
   5              		.eabi_attribute 23, 3
   6              		.eabi_attribute 24, 1
   7              		.eabi_attribute 25, 1
   8              		.eabi_attribute 26, 1
   9              		.eabi_attribute 30, 2
  10              		.eabi_attribute 34, 1
  11              		.eabi_attribute 18, 4
  12              		.file	"Equalizer.cpp"
  13              		.text
  14              	.Ltext0:
  15              		.cfi_sections	.debug_frame
  16              		.section	.text._ZN9Equalizer7ProcessEf,"ax",%progbits
  17              		.align	1
  18              		.p2align 2,,3
  19              		.global	_ZN9Equalizer7ProcessEf
  20              		.arch armv7e-m
  21              		.syntax unified
  22              		.thumb
  23              		.thumb_func
  24              		.fpu fpv5-d16
  26              	_ZN9Equalizer7ProcessEf:
  27              	.LVL0:
  28              	.LFB553:
  29              		.file 1 "Equalizer.cpp"
   1:Equalizer.cpp **** 
   2:Equalizer.cpp **** #include "Equalizer.h"
   3:Equalizer.cpp **** #include <stdio.h>
   4:Equalizer.cpp **** #include <string.h>
   5:Equalizer.cpp **** #include <stdfix.h>
   6:Equalizer.cpp **** 
   7:Equalizer.cpp **** Equalizer::Equalizer()
   8:Equalizer.cpp **** {
   9:Equalizer.cpp **** 
  10:Equalizer.cpp **** 	filterOn_ = true;
  11:Equalizer.cpp **** }
  12:Equalizer.cpp **** 
  13:Equalizer.cpp **** Equalizer::~Equalizer()
  14:Equalizer.cpp **** {
  15:Equalizer.cpp **** 
  16:Equalizer.cpp **** }
  17:Equalizer.cpp **** 
  18:Equalizer.cpp **** float Equalizer::Process(float input)
  19:Equalizer.cpp **** {
  30              		.loc 1 19 1 view -0
  31              		.cfi_startproc
  32              		@ args = 0, pretend = 0, frame = 0
  33              		@ frame_needed = 0, uses_anonymous_args = 0
  20:Equalizer.cpp **** 	if (!filterOn_) return input;
  34              		.loc 1 20 2 view .LVU1
  19:Equalizer.cpp **** 	if (!filterOn_) return input;
  35              		.loc 1 19 1 is_stmt 0 view .LVU2
  36 0000 38B5     		push	{r3, r4, r5, lr}
  37              		.cfi_def_cfa_offset 16
ARM GAS  C:\Users\micke\AppData\Local\Temp\cc4B4FB9.s 			page 2


  38              		.cfi_offset 3, -16
  39              		.cfi_offset 4, -12
  40              		.cfi_offset 5, -8
  41              		.cfi_offset 14, -4
  42              		.loc 1 20 2 view .LVU3
  43 0002 037A     		ldrb	r3, [r0, #8]	@ zero_extendqisi2
  44 0004 53B1     		cbz	r3, .L1
  45 0006 00F15404 		add	r4, r0, #84
  46 000a 00F16C05 		add	r5, r0, #108
  47              	.LVL1:
  48              	.L3:
  49              	.LBB11:
  50              	.LBB12:
  51              	.LBB13:
  21:Equalizer.cpp **** 
  22:Equalizer.cpp ****     float signal = input;
  23:Equalizer.cpp ****     for (int i = 0; i < NUM_EQ_BANDS; i++) {
  24:Equalizer.cpp ****         signal = m_filters[i]->Process(signal);  
  52              		.loc 1 24 9 is_stmt 1 view .LVU4
  53              		.loc 1 24 29 is_stmt 0 view .LVU5
  54 000e 54F8040B 		ldr	r0, [r4], #4
  55              		.loc 1 24 46 view .LVU6
  56 0012 0368     		ldr	r3, [r0]
  57              		.loc 1 24 39 view .LVU7
  58 0014 9B68     		ldr	r3, [r3, #8]
  59 0016 9847     		blx	r3
  60              	.LVL2:
  23:Equalizer.cpp ****         signal = m_filters[i]->Process(signal);  
  61              		.loc 1 23 5 is_stmt 1 view .LVU8
  23:Equalizer.cpp ****         signal = m_filters[i]->Process(signal);  
  62              		.loc 1 23 23 view .LVU9
  63 0018 AC42     		cmp	r4, r5
  64 001a F8D1     		bne	.L3
  65              	.LVL3:
  66              	.L1:
  23:Equalizer.cpp ****         signal = m_filters[i]->Process(signal);  
  67              		.loc 1 23 23 is_stmt 0 view .LVU10
  68              	.LBE13:
  69              	.LBE12:
  70              	.LBE11:
  25:Equalizer.cpp ****     }
  26:Equalizer.cpp ****     return signal;
  27:Equalizer.cpp **** }
  71              		.loc 1 27 1 view .LVU11
  72 001c 38BD     		pop	{r3, r4, r5, pc}
  73              		.cfi_endproc
  74              	.LFE553:
  76 001e 00BF     		.section	.text._ZN9EqualizerC2Ev,"ax",%progbits
  77              		.align	1
  78              		.p2align 2,,3
  79              		.global	_ZN9EqualizerC2Ev
  80              		.syntax unified
  81              		.thumb
  82              		.thumb_func
  83              		.fpu fpv5-d16
  85              	_ZN9EqualizerC2Ev:
  86              	.LVL4:
ARM GAS  C:\Users\micke\AppData\Local\Temp\cc4B4FB9.s 			page 3


  87              	.LFB547:
   7:Equalizer.cpp **** {
  88              		.loc 1 7 1 is_stmt 1 view -0
  89              		.cfi_startproc
  90              		@ args = 0, pretend = 0, frame = 0
  91              		@ frame_needed = 0, uses_anonymous_args = 0
   7:Equalizer.cpp **** {
  92              		.loc 1 7 1 is_stmt 0 view .LVU13
  93 0000 70B5     		push	{r4, r5, r6, lr}
  94              		.cfi_def_cfa_offset 16
  95              		.cfi_offset 4, -16
  96              		.cfi_offset 5, -12
  97              		.cfi_offset 6, -8
  98              		.cfi_offset 14, -4
   7:Equalizer.cpp **** {
  99              		.loc 1 7 1 view .LVU14
 100 0002 0646     		mov	r6, r0
 101              	.LBB14:
   7:Equalizer.cpp **** {
 102              		.loc 1 7 22 view .LVU15
 103 0004 FFF7FEFF 		bl	_ZN9AlgorithmC2Ev
 104              	.LVL5:
   7:Equalizer.cpp **** {
 105              		.loc 1 7 22 view .LVU16
 106 0008 0B4B     		ldr	r3, .L12
 107 000a 3446     		mov	r4, r6
 108 000c 06F5BA75 		add	r5, r6, #372
 109 0010 44F86C3B 		str	r3, [r4], #108
   7:Equalizer.cpp **** {
 110              		.loc 1 7 22 is_stmt 1 view .LVU17
 111              	.L9:
   7:Equalizer.cpp **** {
 112              		.loc 1 7 22 is_stmt 0 discriminator 3 view .LVU18
 113 0014 2046     		mov	r0, r4
 114 0016 2C34     		adds	r4, r4, #44
 115 0018 FFF7FEFF 		bl	_ZN9IIRFilterC1Ev
 116              	.LVL6:
   7:Equalizer.cpp **** {
 117              		.loc 1 7 22 is_stmt 1 discriminator 3 view .LVU19
   7:Equalizer.cpp **** {
 118              		.loc 1 7 22 discriminator 3 view .LVU20
 119 001c A542     		cmp	r5, r4
 120 001e F9D1     		bne	.L9
   7:Equalizer.cpp **** {
 121              		.loc 1 7 22 is_stmt 0 discriminator 2 view .LVU21
 122 0020 2846     		mov	r0, r5
 123 0022 FFF7FEFF 		bl	_ZN15HighShelfFilterC1Ev
 124              	.LVL7:
 125 0026 06F5D070 		add	r0, r6, #416
 126 002a FFF7FEFF 		bl	_ZN14LowShelfFilterC1Ev
 127              	.LVL8:
  10:Equalizer.cpp **** }
 128              		.loc 1 10 2 is_stmt 1 discriminator 2 view .LVU22
  10:Equalizer.cpp **** }
 129              		.loc 1 10 12 is_stmt 0 discriminator 2 view .LVU23
 130 002e 0123     		movs	r3, #1
 131              	.LBE14:
ARM GAS  C:\Users\micke\AppData\Local\Temp\cc4B4FB9.s 			page 4


  11:Equalizer.cpp **** 
 132              		.loc 1 11 1 discriminator 2 view .LVU24
 133 0030 3046     		mov	r0, r6
 134              	.LBB15:
  10:Equalizer.cpp **** }
 135              		.loc 1 10 12 discriminator 2 view .LVU25
 136 0032 3372     		strb	r3, [r6, #8]
 137              	.LBE15:
  11:Equalizer.cpp **** 
 138              		.loc 1 11 1 discriminator 2 view .LVU26
 139 0034 70BD     		pop	{r4, r5, r6, pc}
 140              	.LVL9:
 141              	.L13:
  11:Equalizer.cpp **** 
 142              		.loc 1 11 1 discriminator 2 view .LVU27
 143 0036 00BF     		.align	2
 144              	.L12:
 145 0038 08000000 		.word	.LANCHOR0+8
 146              		.cfi_endproc
 147              	.LFE547:
 149              		.global	_ZN9EqualizerC1Ev
 150              		.thumb_set _ZN9EqualizerC1Ev,_ZN9EqualizerC2Ev
 151              		.section	.text._ZN9Equalizer18updateEQParametersEs,"ax",%progbits
 152              		.align	1
 153              		.p2align 2,,3
 154              		.global	_ZN9Equalizer18updateEQParametersEs
 155              		.syntax unified
 156              		.thumb
 157              		.thumb_func
 158              		.fpu fpv5-d16
 160              	_ZN9Equalizer18updateEQParametersEs:
 161              	.LVL10:
 162              	.LFB559:
  28:Equalizer.cpp **** 
  29:Equalizer.cpp **** void Equalizer::Init()
  30:Equalizer.cpp **** {
  31:Equalizer.cpp **** 	Init(48000); 
  32:Equalizer.cpp **** }
  33:Equalizer.cpp **** 
  34:Equalizer.cpp **** void Equalizer::Init(int sampleRate)
  35:Equalizer.cpp **** {
  36:Equalizer.cpp **** 	sampleRate_ = sampleRate;
  37:Equalizer.cpp **** 
  38:Equalizer.cpp **** 	
  39:Equalizer.cpp **** 	// Setting default peak bands center frequency
  40:Equalizer.cpp **** 	m_EQParams[0].fc = 100.0;	//low shelf
  41:Equalizer.cpp **** 	m_EQParams[0].gain = 3.0;	//bass boost
  42:Equalizer.cpp **** 	m_EQParams[1].fc = 500.0;	//peak
  43:Equalizer.cpp **** 	m_EQParams[1].gain = 2.0;
  44:Equalizer.cpp **** 	m_EQParams[2].fc = 800.0;	//peak
  45:Equalizer.cpp **** 	m_EQParams[2].gain = 2.0;
  46:Equalizer.cpp **** 	m_EQParams[3].fc = 2000.0;	//peak
  47:Equalizer.cpp **** 	m_EQParams[3].gain = 2.0; 
  48:Equalizer.cpp **** 	m_EQParams[4].fc = 2800.0;	//peak
  49:Equalizer.cpp **** 	m_EQParams[4].gain = 0.5; 
  50:Equalizer.cpp **** 	m_EQParams[5].fc = 4000.0;	//high shelf
  51:Equalizer.cpp **** 	m_EQParams[5].gain = 2.0; 
ARM GAS  C:\Users\micke\AppData\Local\Temp\cc4B4FB9.s 			page 5


  52:Equalizer.cpp **** 
  53:Equalizer.cpp **** 
  54:Equalizer.cpp **** 	for (short band = 0; band < NUM_EQ_BANDS; band++)
  55:Equalizer.cpp **** 	{
  56:Equalizer.cpp **** 		m_EQParams[band].Q = 8.0; // Default Q
  57:Equalizer.cpp **** 
  58:Equalizer.cpp **** 		switch (BAND_TYPES[band])
  59:Equalizer.cpp **** 		{
  60:Equalizer.cpp **** 		case BAND_LOW_SHELF:
  61:Equalizer.cpp **** 			/* kode til hvis det er low shelf*/
  62:Equalizer.cpp **** 			m_LowShelfFilter.Init();
  63:Equalizer.cpp **** 			m_filters[band] = &m_LowShelfFilter;
  64:Equalizer.cpp **** 			break;
  65:Equalizer.cpp **** 
  66:Equalizer.cpp **** 		case BAND_PEAK_EQ:
  67:Equalizer.cpp **** 			/* kode til hvis det er peaking EQ*/
  68:Equalizer.cpp **** 			m_IIRfilter[band].Init();
  69:Equalizer.cpp **** 			m_filters[band] = &m_IIRfilter[band];
  70:Equalizer.cpp **** 			break;
  71:Equalizer.cpp **** 
  72:Equalizer.cpp **** 		case BAND_HIGH_SHELF:
  73:Equalizer.cpp **** 			/* kode til high shelf */
  74:Equalizer.cpp **** 			m_HighShelfFilter.Init();
  75:Equalizer.cpp **** 			m_filters[band] = &m_HighShelfFilter;
  76:Equalizer.cpp **** 			break;
  77:Equalizer.cpp **** 		}
  78:Equalizer.cpp **** 		updateEQParameters(band);
  79:Equalizer.cpp **** 	}
  80:Equalizer.cpp **** 	
  81:Equalizer.cpp **** }
  82:Equalizer.cpp **** 
  83:Equalizer.cpp **** float Equalizer::incParameter(short band, PARAMETER param, float delta)
  84:Equalizer.cpp **** {
  85:Equalizer.cpp **** 	// TODO change code to increment parameter for IIR filters (See slides) - call updateEQParamters
  86:Equalizer.cpp ****     //m_filterOn = true; // For test only
  87:Equalizer.cpp ****     setParameter(band, param, m_EQParams[band].gain + delta);
  88:Equalizer.cpp **** 	return m_EQParams[band].gain;
  89:Equalizer.cpp **** }
  90:Equalizer.cpp **** 
  91:Equalizer.cpp **** float Equalizer::decParameter(short band, PARAMETER param, float delta)
  92:Equalizer.cpp **** {
  93:Equalizer.cpp **** 	// TODO change code to decrement parameter for IIR filters - call updateEQParamters
  94:Equalizer.cpp ****     //m_filterOn = false; // For test only
  95:Equalizer.cpp ****     setParameter(band, param, m_EQParams[band].gain - delta);
  96:Equalizer.cpp **** 	return m_EQParams[band].gain;
  97:Equalizer.cpp **** }
  98:Equalizer.cpp **** 
  99:Equalizer.cpp **** void Equalizer::setParameter(short band, PARAMETER param, float value)
 100:Equalizer.cpp **** {
 101:Equalizer.cpp ****     bool update = false;
 102:Equalizer.cpp **** 
 103:Equalizer.cpp **** 	if (band < NUM_EQ_BANDS)
 104:Equalizer.cpp **** 	{
 105:Equalizer.cpp **** 		switch (param)
 106:Equalizer.cpp **** 		{
 107:Equalizer.cpp **** 			case PM_GAIN:
 108:Equalizer.cpp **** 				if (m_EQParams[band].gain != value) {
ARM GAS  C:\Users\micke\AppData\Local\Temp\cc4B4FB9.s 			page 6


 109:Equalizer.cpp **** 					m_EQParams[band].gain = value;
 110:Equalizer.cpp **** 					update = true;
 111:Equalizer.cpp **** 				}
 112:Equalizer.cpp **** 			  break;
 113:Equalizer.cpp **** 			case PM_FREQ:
 114:Equalizer.cpp **** 				if (m_EQParams[band].fc != value) {
 115:Equalizer.cpp **** 					m_EQParams[band].fc = value;
 116:Equalizer.cpp **** 					update = true;
 117:Equalizer.cpp **** 				}
 118:Equalizer.cpp **** 			  break;
 119:Equalizer.cpp **** 			case PM_Q:
 120:Equalizer.cpp **** 				if (m_EQParams[band].Q != value) {
 121:Equalizer.cpp **** 					m_EQParams[band].Q = value;
 122:Equalizer.cpp **** 					update = true;
 123:Equalizer.cpp **** 				}
 124:Equalizer.cpp **** 			  break;
 125:Equalizer.cpp **** 		}
 126:Equalizer.cpp **** 		if (update) updateEQParameters(band);
 127:Equalizer.cpp **** 	}
 128:Equalizer.cpp **** }
 129:Equalizer.cpp **** 
 130:Equalizer.cpp **** void Equalizer::updateEQParameters(short band)
 131:Equalizer.cpp **** {
 163              		.loc 1 131 1 is_stmt 1 view -0
 164              		.cfi_startproc
 165              		@ args = 0, pretend = 0, frame = 0
 166              		@ frame_needed = 0, uses_anonymous_args = 0
 167              		@ link register save eliminated.
 132:Equalizer.cpp **** 	// Parameter limitations
 133:Equalizer.cpp **** 	if (m_EQParams[band].gain > MAX_GAIN)
 168              		.loc 1 133 2 view .LVU29
 131:Equalizer.cpp **** 	// Parameter limitations
 169              		.loc 1 131 1 is_stmt 0 view .LVU30
 170 0000 0346     		mov	r3, r0
 171              		.loc 1 133 23 view .LVU31
 172 0002 01EB4100 		add	r0, r1, r1, lsl #1
 173              	.LVL11:
 174              		.loc 1 133 2 view .LVU32
 175 0006 F1EE047A 		vmov.f32	s15, #5.0e+0
 176              		.loc 1 133 23 view .LVU33
 177 000a 4A00     		lsls	r2, r1, #1
 178 000c 03EB8000 		add	r0, r3, r0, lsl #2
 179 0010 90ED037A 		vldr.32	s14, [r0, #12]
 180              		.loc 1 133 2 view .LVU34
 181 0014 B4EEE77A 		vcmpe.f32	s14, s15
 182 0018 F1EE10FA 		vmrs	APSR_nzcv, FPSCR
 183 001c 33DD     		ble	.L36
 134:Equalizer.cpp **** 		m_EQParams[band].gain = MAX_GAIN;
 184              		.loc 1 134 3 is_stmt 1 view .LVU35
 185              		.loc 1 134 25 is_stmt 0 view .LVU36
 186 001e C0ED037A 		vstr.32	s15, [r0, #12]
 135:Equalizer.cpp **** 	if (m_EQParams[band].gain < MIN_GAIN)
 187              		.loc 1 135 2 is_stmt 1 view .LVU37
 188              	.L17:
 136:Equalizer.cpp **** 		m_EQParams[band].gain = MIN_GAIN;
 137:Equalizer.cpp **** 	if (m_EQParams[band].fc > MAX_FREQ)
 189              		.loc 1 137 2 view .LVU38
ARM GAS  C:\Users\micke\AppData\Local\Temp\cc4B4FB9.s 			page 7


 190              		.loc 1 137 23 is_stmt 0 view .LVU39
 191 0022 5018     		adds	r0, r2, r1
 192              		.loc 1 137 2 view .LVU40
 193 0024 9FED3C7A 		vldr.32	s14, .L42+8
 194              		.loc 1 137 23 view .LVU41
 195 0028 03EB8000 		add	r0, r3, r0, lsl #2
 196 002c D0ED047A 		vldr.32	s15, [r0, #16]
 197              		.loc 1 137 2 view .LVU42
 198 0030 F4EEC77A 		vcmpe.f32	s15, s14
 199 0034 F1EE10FA 		vmrs	APSR_nzcv, FPSCR
 200 0038 06DC     		bgt	.L39
 138:Equalizer.cpp **** 		m_EQParams[band].fc = MAX_FREQ;
 139:Equalizer.cpp **** 	if (m_EQParams[band].fc < MIN_FREQ)
 201              		.loc 1 139 2 is_stmt 1 view .LVU43
 202 003a B0EE007A 		vmov.f32	s14, #2.0e+0
 203 003e F4EEC77A 		vcmpe.f32	s15, s14
 204 0042 F1EE10FA 		vmrs	APSR_nzcv, FPSCR
 205 0046 01D5     		bpl	.L21
 206              	.L39:
 140:Equalizer.cpp **** 		m_EQParams[band].fc = MIN_FREQ;
 207              		.loc 1 140 3 view .LVU44
 208              		.loc 1 140 23 is_stmt 0 view .LVU45
 209 0048 80ED047A 		vstr.32	s14, [r0, #16]
 210              	.L21:
 141:Equalizer.cpp **** 	if (m_EQParams[band].Q > MAX_Q)
 211              		.loc 1 141 2 is_stmt 1 view .LVU46
 212              		.loc 1 141 23 is_stmt 0 view .LVU47
 213 004c 5018     		adds	r0, r2, r1
 214              		.loc 1 141 2 view .LVU48
 215 004e B3EE047A 		vmov.f32	s14, #2.0e+1
 216              		.loc 1 141 23 view .LVU49
 217 0052 03EB8000 		add	r0, r3, r0, lsl #2
 218 0056 D0ED057A 		vldr.32	s15, [r0, #20]
 219              		.loc 1 141 2 view .LVU50
 220 005a F4EEC77A 		vcmpe.f32	s15, s14
 221 005e F1EE10FA 		vmrs	APSR_nzcv, FPSCR
 222 0062 06DC     		bgt	.L40
 142:Equalizer.cpp **** 		m_EQParams[band].Q = MAX_Q;
 143:Equalizer.cpp **** 	if (m_EQParams[band].Q < MIN_Q)
 223              		.loc 1 143 2 is_stmt 1 view .LVU51
 224 0064 B7EE007A 		vmov.f32	s14, #1.0e+0
 225 0068 F4EEC77A 		vcmpe.f32	s15, s14
 226 006c F1EE10FA 		vmrs	APSR_nzcv, FPSCR
 227 0070 01D5     		bpl	.L25
 228              	.L40:
 144:Equalizer.cpp **** 		m_EQParams[band].Q = MIN_Q;
 229              		.loc 1 144 3 view .LVU52
 230              		.loc 1 144 22 is_stmt 0 view .LVU53
 231 0072 80ED057A 		vstr.32	s14, [r0, #20]
 232              	.L25:
 145:Equalizer.cpp **** 
 146:Equalizer.cpp **** 	switch (BAND_TYPES[band])
 233              		.loc 1 146 2 is_stmt 1 view .LVU54
 234              		.loc 1 146 25 is_stmt 0 view .LVU55
 235 0076 2948     		ldr	r0, .L42+12
 236 0078 405C     		ldrb	r0, [r0, r1]	@ zero_extendqisi2
 237              		.loc 1 146 2 view .LVU56
ARM GAS  C:\Users\micke\AppData\Local\Temp\cc4B4FB9.s 			page 8


 238 007a 0128     		cmp	r0, #1
 239 007c 11D0     		beq	.L27
 240 007e 0228     		cmp	r0, #2
 241 0080 33D0     		beq	.L28
 242 0082 08B3     		cbz	r0, .L41
 147:Equalizer.cpp ****     {
 148:Equalizer.cpp ****         case BAND_LOW_SHELF:
 149:Equalizer.cpp ****             m_LowShelfFilter.MakeLowShelf(sampleRate_,
 150:Equalizer.cpp ****                 m_EQParams[band].fc, m_EQParams[band].Q, m_EQParams[band].gain);
 151:Equalizer.cpp ****             break;
 152:Equalizer.cpp ****         case BAND_HIGH_SHELF:
 153:Equalizer.cpp ****             m_HighShelfFilter.MakeHighShelf(sampleRate_,
 154:Equalizer.cpp ****                 m_EQParams[band].fc, m_EQParams[band].Q, m_EQParams[band].gain);
 155:Equalizer.cpp ****             break;
 156:Equalizer.cpp ****         case BAND_PEAK_EQ:
 157:Equalizer.cpp ****             m_IIRfilter[band].makePeakEQ(sampleRate_,
 158:Equalizer.cpp ****                 m_EQParams[band].fc, m_EQParams[band].Q, m_EQParams[band].gain);
 159:Equalizer.cpp ****             break;
 160:Equalizer.cpp ****     }
 161:Equalizer.cpp **** 
 162:Equalizer.cpp **** }
 243              		.loc 1 162 1 view .LVU57
 244 0084 7047     		bx	lr
 245              	.L36:
 135:Equalizer.cpp **** 		m_EQParams[band].gain = MIN_GAIN;
 246              		.loc 1 135 2 is_stmt 1 view .LVU58
 135:Equalizer.cpp **** 		m_EQParams[band].gain = MIN_GAIN;
 247              		.loc 1 135 23 is_stmt 0 view .LVU59
 248 0086 B7EEC77A 		vcvt.f64.f32	d7, s14
 135:Equalizer.cpp **** 		m_EQParams[band].gain = MIN_GAIN;
 249              		.loc 1 135 2 view .LVU60
 250 008a 9FED216B 		vldr.64	d6, .L42
 251 008e B4EEC67B 		vcmpe.f64	d7, d6
 252 0092 F1EE10FA 		vmrs	APSR_nzcv, FPSCR
 253 0096 C4D5     		bpl	.L17
 136:Equalizer.cpp **** 	if (m_EQParams[band].fc > MAX_FREQ)
 254              		.loc 1 136 3 is_stmt 1 view .LVU61
 136:Equalizer.cpp **** 	if (m_EQParams[band].fc > MAX_FREQ)
 255              		.loc 1 136 25 is_stmt 0 view .LVU62
 256 0098 DFF884C0 		ldr	ip, .L42+16
 257 009c C0F80CC0 		str	ip, [r0, #12]	@ float
 258 00a0 BFE7     		b	.L17
 259              	.L27:
 156:Equalizer.cpp ****             m_IIRfilter[band].makePeakEQ(sampleRate_,
 260              		.loc 1 156 9 is_stmt 1 view .LVU63
 157:Equalizer.cpp ****                 m_EQParams[band].fc, m_EQParams[band].Q, m_EQParams[band].gain);
 261              		.loc 1 157 13 view .LVU64
 157:Equalizer.cpp ****                 m_EQParams[band].fc, m_EQParams[band].Q, m_EQParams[band].gain);
 262              		.loc 1 157 41 is_stmt 0 view .LVU65
 263 00a2 0A44     		add	r2, r2, r1
 264 00a4 2C20     		movs	r0, #44
 265 00a6 93ED010A 		vldr.32	s0, [r3, #4]	@ int
 266 00aa 03EB8202 		add	r2, r3, r2, lsl #2
 267 00ae 01FB0030 		mla	r0, r1, r0, r3
 268 00b2 B8EEC00A 		vcvt.f32.s32	s0, s0
 269 00b6 D2ED031A 		vldr.32	s3, [r2, #12]
 270 00ba 6C30     		adds	r0, r0, #108
ARM GAS  C:\Users\micke\AppData\Local\Temp\cc4B4FB9.s 			page 9


 271 00bc 92ED051A 		vldr.32	s2, [r2, #20]
 272 00c0 D2ED040A 		vldr.32	s1, [r2, #16]
 273 00c4 FFF7FEBF 		b	_ZN9IIRFilter10makePeakEQEffff
 274              	.LVL12:
 275              	.L41:
 148:Equalizer.cpp ****             m_LowShelfFilter.MakeLowShelf(sampleRate_,
 276              		.loc 1 148 9 is_stmt 1 view .LVU66
 149:Equalizer.cpp ****                 m_EQParams[band].fc, m_EQParams[band].Q, m_EQParams[band].gain);
 277              		.loc 1 149 13 view .LVU67
 149:Equalizer.cpp ****                 m_EQParams[band].fc, m_EQParams[band].Q, m_EQParams[band].gain);
 278              		.loc 1 149 42 is_stmt 0 view .LVU68
 279 00c8 1144     		add	r1, r1, r2
 280              	.LVL13:
 149:Equalizer.cpp ****                 m_EQParams[band].fc, m_EQParams[band].Q, m_EQParams[band].gain);
 281              		.loc 1 149 42 view .LVU69
 282 00ca 93ED010A 		vldr.32	s0, [r3, #4]	@ int
 283 00ce 03F5D070 		add	r0, r3, #416
 284 00d2 03EB8103 		add	r3, r3, r1, lsl #2
 285              	.LVL14:
 149:Equalizer.cpp ****                 m_EQParams[band].fc, m_EQParams[band].Q, m_EQParams[band].gain);
 286              		.loc 1 149 42 view .LVU70
 287 00d6 B8EEC00A 		vcvt.f32.s32	s0, s0
 288 00da D3ED031A 		vldr.32	s3, [r3, #12]
 289 00de 93ED051A 		vldr.32	s2, [r3, #20]
 290 00e2 D3ED040A 		vldr.32	s1, [r3, #16]
 291 00e6 FFF7FEBF 		b	_ZN14LowShelfFilter12MakeLowShelfEffff
 292              	.LVL15:
 293              	.L28:
 152:Equalizer.cpp ****             m_HighShelfFilter.MakeHighShelf(sampleRate_,
 294              		.loc 1 152 9 is_stmt 1 view .LVU71
 153:Equalizer.cpp ****                 m_EQParams[band].fc, m_EQParams[band].Q, m_EQParams[band].gain);
 295              		.loc 1 153 13 view .LVU72
 153:Equalizer.cpp ****                 m_EQParams[band].fc, m_EQParams[band].Q, m_EQParams[band].gain);
 296              		.loc 1 153 44 is_stmt 0 view .LVU73
 297 00ea 1144     		add	r1, r1, r2
 298              	.LVL16:
 153:Equalizer.cpp ****                 m_EQParams[band].fc, m_EQParams[band].Q, m_EQParams[band].gain);
 299              		.loc 1 153 44 view .LVU74
 300 00ec 93ED010A 		vldr.32	s0, [r3, #4]	@ int
 301 00f0 03F5BA70 		add	r0, r3, #372
 302 00f4 03EB8103 		add	r3, r3, r1, lsl #2
 303              	.LVL17:
 153:Equalizer.cpp ****                 m_EQParams[band].fc, m_EQParams[band].Q, m_EQParams[band].gain);
 304              		.loc 1 153 44 view .LVU75
 305 00f8 B8EEC00A 		vcvt.f32.s32	s0, s0
 306 00fc D3ED031A 		vldr.32	s3, [r3, #12]
 307 0100 93ED051A 		vldr.32	s2, [r3, #20]
 308 0104 D3ED040A 		vldr.32	s1, [r3, #16]
 309 0108 FFF7FEBF 		b	_ZN15HighShelfFilter13MakeHighShelfEffff
 310              	.LVL18:
 311              	.L43:
 153:Equalizer.cpp ****                 m_EQParams[band].fc, m_EQParams[band].Q, m_EQParams[band].gain);
 312              		.loc 1 153 44 view .LVU76
 313 010c AFF30080 		.align	3
 314              	.L42:
 315 0110 9A999999 		.word	-1717986918
 316 0114 9999B93F 		.word	1069128089
ARM GAS  C:\Users\micke\AppData\Local\Temp\cc4B4FB9.s 			page 10


 317 0118 00409C46 		.word	1184645120
 318 011c 00000000 		.word	.LANCHOR1
 319 0120 CDCCCC3D 		.word	1036831949
 320              		.cfi_endproc
 321              	.LFE559:
 323              		.section	.text._ZN9Equalizer12decParameterEs9PARAMETERf,"ax",%progbits
 324              		.align	1
 325              		.p2align 2,,3
 326              		.global	_ZN9Equalizer12decParameterEs9PARAMETERf
 327              		.syntax unified
 328              		.thumb
 329              		.thumb_func
 330              		.fpu fpv5-d16
 332              	_ZN9Equalizer12decParameterEs9PARAMETERf:
 333              	.LVL19:
 334              	.LFB557:
  92:Equalizer.cpp **** 	// TODO change code to decrement parameter for IIR filters - call updateEQParamters
 335              		.loc 1 92 1 is_stmt 1 view -0
 336              		.cfi_startproc
 337              		@ args = 0, pretend = 0, frame = 0
 338              		@ frame_needed = 0, uses_anonymous_args = 0
  95:Equalizer.cpp **** 	return m_EQParams[band].gain;
 339              		.loc 1 95 5 view .LVU78
  95:Equalizer.cpp **** 	return m_EQParams[band].gain;
 340              		.loc 1 95 48 is_stmt 0 view .LVU79
 341 0000 01EB4103 		add	r3, r1, r1, lsl #1
 342              	.LBB20:
 343              	.LBB21:
 103:Equalizer.cpp **** 	{
 344              		.loc 1 103 2 view .LVU80
 345 0004 0529     		cmp	r1, #5
 346              	.LBE21:
 347              	.LBE20:
  92:Equalizer.cpp **** 	// TODO change code to decrement parameter for IIR filters - call updateEQParamters
 348              		.loc 1 92 1 view .LVU81
 349 0006 F0EE407A 		vmov.f32	s15, s0
  95:Equalizer.cpp **** 	return m_EQParams[band].gain;
 350              		.loc 1 95 48 view .LVU82
 351 000a 00EB8303 		add	r3, r0, r3, lsl #2
 352 000e 93ED030A 		vldr.32	s0, [r3, #12]
 353              	.LVL20:
 354              	.LBB34:
 355              	.LBI20:
  99:Equalizer.cpp **** {
 356              		.loc 1 99 6 is_stmt 1 view .LVU83
 357              	.LBB30:
 101:Equalizer.cpp **** 
 358              		.loc 1 101 5 view .LVU84
 103:Equalizer.cpp **** 	{
 359              		.loc 1 103 2 view .LVU85
 360 0012 0CDC     		bgt	.L50
 361              	.LBB22:
 362              	.LBB23:
 105:Equalizer.cpp **** 		{
 363              		.loc 1 105 3 is_stmt 0 view .LVU86
 364 0014 012A     		cmp	r2, #1
 365              	.LBE23:
ARM GAS  C:\Users\micke\AppData\Local\Temp\cc4B4FB9.s 			page 11


 366              	.LBE22:
 367              	.LBE30:
 368              	.LBE34:
  95:Equalizer.cpp **** 	return m_EQParams[band].gain;
 369              		.loc 1 95 17 view .LVU87
 370 0016 70EE677A 		vsub.f32	s15, s0, s15
 371              	.LVL21:
  92:Equalizer.cpp **** 	// TODO change code to decrement parameter for IIR filters - call updateEQParamters
 372              		.loc 1 92 1 view .LVU88
 373 001a 70B5     		push	{r4, r5, r6, lr}
 374              		.cfi_def_cfa_offset 16
 375              		.cfi_offset 4, -16
 376              		.cfi_offset 5, -12
 377              		.cfi_offset 6, -8
 378              		.cfi_offset 14, -4
 379 001c 0E46     		mov	r6, r1
 380 001e 0546     		mov	r5, r0
 381              	.LVL22:
 382              	.LBB35:
 383              	.LBB31:
 384              	.LBB27:
 385              	.LBI22:
  99:Equalizer.cpp **** {
 386              		.loc 1 99 6 is_stmt 1 view .LVU89
 387              	.LBB24:
 105:Equalizer.cpp **** 		{
 388              		.loc 1 105 3 view .LVU90
 389 0020 4FEA4104 		lsl	r4, r1, #1
 390 0024 1FD0     		beq	.L46
 391 0026 022A     		cmp	r2, #2
 392 0028 13D0     		beq	.L47
 393 002a 0AB1     		cbz	r2, .L53
 394              	.L44:
 395              	.LBE24:
 396              	.LBE27:
 397              	.LBE31:
 398              	.LBE35:
  97:Equalizer.cpp **** 
 399              		.loc 1 97 1 is_stmt 0 view .LVU91
 400 002c 70BD     		pop	{r4, r5, r6, pc}
 401              	.LVL23:
 402              	.L50:
 403              		.cfi_def_cfa_offset 0
 404              		.cfi_restore 4
 405              		.cfi_restore 5
 406              		.cfi_restore 6
 407              		.cfi_restore 14
  97:Equalizer.cpp **** 
 408              		.loc 1 97 1 view .LVU92
 409 002e 7047     		bx	lr
 410              	.LVL24:
 411              	.L53:
 412              		.cfi_def_cfa_offset 16
 413              		.cfi_offset 4, -16
 414              		.cfi_offset 5, -12
 415              		.cfi_offset 6, -8
 416              		.cfi_offset 14, -4
ARM GAS  C:\Users\micke\AppData\Local\Temp\cc4B4FB9.s 			page 12


 417              	.LBB36:
 418              	.LBB32:
 419              	.LBB28:
 420              	.LBB25:
 107:Equalizer.cpp **** 				if (m_EQParams[band].gain != value) {
 421              		.loc 1 107 4 is_stmt 1 view .LVU93
 108:Equalizer.cpp **** 					m_EQParams[band].gain = value;
 422              		.loc 1 108 5 view .LVU94
 423 0030 B4EE670A 		vcmp.f32	s0, s15
 424 0034 F1EE10FA 		vmrs	APSR_nzcv, FPSCR
 425 0038 F8D0     		beq	.L44
 109:Equalizer.cpp **** 					update = true;
 426              		.loc 1 109 6 view .LVU95
 109:Equalizer.cpp **** 					update = true;
 427              		.loc 1 109 28 is_stmt 0 view .LVU96
 428 003a C3ED037A 		vstr.32	s15, [r3, #12]
 110:Equalizer.cpp **** 				}
 429              		.loc 1 110 6 is_stmt 1 view .LVU97
 430              	.LVL25:
 126:Equalizer.cpp **** 	}
 431              		.loc 1 126 3 view .LVU98
 432              	.L48:
 126:Equalizer.cpp **** 	}
 433              		.loc 1 126 15 view .LVU99
 126:Equalizer.cpp **** 	}
 434              		.loc 1 126 33 is_stmt 0 view .LVU100
 435 003e 3146     		mov	r1, r6
 436              	.LVL26:
 126:Equalizer.cpp **** 	}
 437              		.loc 1 126 33 view .LVU101
 438 0040 2846     		mov	r0, r5
 439              	.LVL27:
 126:Equalizer.cpp **** 	}
 440              		.loc 1 126 33 view .LVU102
 441 0042 FFF7FEFF 		bl	_ZN9Equalizer18updateEQParametersEs
 442              	.LVL28:
 126:Equalizer.cpp **** 	}
 443              		.loc 1 126 33 view .LVU103
 444              	.LBE25:
 445              	.LBE28:
 446              	.LBE32:
 447              	.LBE36:
  96:Equalizer.cpp **** }
 448              		.loc 1 96 26 view .LVU104
 449 0046 A119     		adds	r1, r4, r6
 450 0048 05EB8100 		add	r0, r5, r1, lsl #2
 451 004c 90ED030A 		vldr.32	s0, [r0, #12]
 452              	.LVL29:
  96:Equalizer.cpp **** }
 453              		.loc 1 96 2 is_stmt 1 view .LVU105
  97:Equalizer.cpp **** 
 454              		.loc 1 97 1 is_stmt 0 view .LVU106
 455 0050 70BD     		pop	{r4, r5, r6, pc}
 456              	.LVL30:
 457              	.L47:
 458              	.LBB37:
 459              	.LBB33:
ARM GAS  C:\Users\micke\AppData\Local\Temp\cc4B4FB9.s 			page 13


 460              	.LBB29:
 461              	.LBB26:
 119:Equalizer.cpp **** 				if (m_EQParams[band].Q != value) {
 462              		.loc 1 119 4 is_stmt 1 view .LVU107
 120:Equalizer.cpp **** 					m_EQParams[band].Q = value;
 463              		.loc 1 120 5 view .LVU108
 464 0052 93ED057A 		vldr.32	s14, [r3, #20]
 465 0056 F4EE477A 		vcmp.f32	s15, s14
 466 005a F1EE10FA 		vmrs	APSR_nzcv, FPSCR
 467 005e E5D0     		beq	.L44
 121:Equalizer.cpp **** 					update = true;
 468              		.loc 1 121 6 view .LVU109
 121:Equalizer.cpp **** 					update = true;
 469              		.loc 1 121 25 is_stmt 0 view .LVU110
 470 0060 C3ED057A 		vstr.32	s15, [r3, #20]
 122:Equalizer.cpp **** 				}
 471              		.loc 1 122 6 is_stmt 1 view .LVU111
 472              	.LVL31:
 126:Equalizer.cpp **** 	}
 473              		.loc 1 126 3 view .LVU112
 474 0064 EBE7     		b	.L48
 475              	.LVL32:
 476              	.L46:
 113:Equalizer.cpp **** 				if (m_EQParams[band].fc != value) {
 477              		.loc 1 113 4 view .LVU113
 114:Equalizer.cpp **** 					m_EQParams[band].fc = value;
 478              		.loc 1 114 5 view .LVU114
 479 0066 93ED047A 		vldr.32	s14, [r3, #16]
 480 006a F4EE477A 		vcmp.f32	s15, s14
 481 006e F1EE10FA 		vmrs	APSR_nzcv, FPSCR
 482 0072 DBD0     		beq	.L44
 115:Equalizer.cpp **** 					update = true;
 483              		.loc 1 115 6 view .LVU115
 115:Equalizer.cpp **** 					update = true;
 484              		.loc 1 115 26 is_stmt 0 view .LVU116
 485 0074 C3ED047A 		vstr.32	s15, [r3, #16]
 116:Equalizer.cpp **** 				}
 486              		.loc 1 116 6 is_stmt 1 view .LVU117
 487              	.LVL33:
 126:Equalizer.cpp **** 	}
 488              		.loc 1 126 3 view .LVU118
 489 0078 E1E7     		b	.L48
 490              	.LBE26:
 491              	.LBE29:
 492              	.LBE33:
 493              	.LBE37:
 494              		.cfi_endproc
 495              	.LFE557:
 497 007a 00BF     		.section	.text._ZN9Equalizer12setParameterEs9PARAMETERf,"ax",%progbits
 498              		.align	1
 499              		.p2align 2,,3
 500              		.global	_ZN9Equalizer12setParameterEs9PARAMETERf
 501              		.syntax unified
 502              		.thumb
 503              		.thumb_func
 504              		.fpu fpv5-d16
 506              	_ZN9Equalizer12setParameterEs9PARAMETERf:
ARM GAS  C:\Users\micke\AppData\Local\Temp\cc4B4FB9.s 			page 14


 507              	.LVL34:
 508              	.LFB558:
 100:Equalizer.cpp ****     bool update = false;
 509              		.loc 1 100 1 view -0
 510              		.cfi_startproc
 511              		@ args = 0, pretend = 0, frame = 0
 512              		@ frame_needed = 0, uses_anonymous_args = 0
 513              		@ link register save eliminated.
 101:Equalizer.cpp **** 
 514              		.loc 1 101 5 view .LVU120
 103:Equalizer.cpp **** 	{
 515              		.loc 1 103 2 view .LVU121
 516 0000 0529     		cmp	r1, #5
 517 0002 04DC     		bgt	.L54
 518              	.LVL35:
 519              	.LBB40:
 520              	.LBI40:
  99:Equalizer.cpp **** {
 521              		.loc 1 99 6 view .LVU122
 522              	.LBB41:
 105:Equalizer.cpp **** 		{
 523              		.loc 1 105 3 view .LVU123
 524 0004 012A     		cmp	r2, #1
 525 0006 20D0     		beq	.L56
 526 0008 022A     		cmp	r2, #2
 527 000a 10D0     		beq	.L57
 528 000c 02B1     		cbz	r2, .L59
 529              	.LVL36:
 530              	.L54:
 105:Equalizer.cpp **** 		{
 531              		.loc 1 105 3 is_stmt 0 view .LVU124
 532              	.LBE41:
 533              	.LBE40:
 128:Equalizer.cpp **** 
 534              		.loc 1 128 1 view .LVU125
 535 000e 7047     		bx	lr
 536              	.LVL37:
 537              	.L59:
 538              	.LBB43:
 539              	.LBB42:
 107:Equalizer.cpp **** 				if (m_EQParams[band].gain != value) {
 540              		.loc 1 107 4 is_stmt 1 view .LVU126
 108:Equalizer.cpp **** 					m_EQParams[band].gain = value;
 541              		.loc 1 108 5 view .LVU127
 108:Equalizer.cpp **** 					m_EQParams[band].gain = value;
 542              		.loc 1 108 26 is_stmt 0 view .LVU128
 543 0010 01EB4103 		add	r3, r1, r1, lsl #1
 544 0014 00EB8303 		add	r3, r0, r3, lsl #2
 108:Equalizer.cpp **** 					m_EQParams[band].gain = value;
 545              		.loc 1 108 5 view .LVU129
 546 0018 D3ED037A 		vldr.32	s15, [r3, #12]
 547 001c B4EE670A 		vcmp.f32	s0, s15
 548 0020 F1EE10FA 		vmrs	APSR_nzcv, FPSCR
 549 0024 F3D0     		beq	.L54
 109:Equalizer.cpp **** 					update = true;
 550              		.loc 1 109 6 is_stmt 1 view .LVU130
 109:Equalizer.cpp **** 					update = true;
ARM GAS  C:\Users\micke\AppData\Local\Temp\cc4B4FB9.s 			page 15


 551              		.loc 1 109 28 is_stmt 0 view .LVU131
 552 0026 83ED030A 		vstr.32	s0, [r3, #12]
 110:Equalizer.cpp **** 				}
 553              		.loc 1 110 6 is_stmt 1 view .LVU132
 554              	.LVL38:
 126:Equalizer.cpp **** 	}
 555              		.loc 1 126 3 view .LVU133
 556              	.L58:
 126:Equalizer.cpp **** 	}
 557              		.loc 1 126 15 view .LVU134
 126:Equalizer.cpp **** 	}
 558              		.loc 1 126 33 is_stmt 0 view .LVU135
 559 002a FFF7FEBF 		b	_ZN9Equalizer18updateEQParametersEs
 560              	.LVL39:
 561              	.L57:
 119:Equalizer.cpp **** 				if (m_EQParams[band].Q != value) {
 562              		.loc 1 119 4 is_stmt 1 view .LVU136
 120:Equalizer.cpp **** 					m_EQParams[band].Q = value;
 563              		.loc 1 120 5 view .LVU137
 120:Equalizer.cpp **** 					m_EQParams[band].Q = value;
 564              		.loc 1 120 26 is_stmt 0 view .LVU138
 565 002e 01EB4103 		add	r3, r1, r1, lsl #1
 566 0032 00EB8303 		add	r3, r0, r3, lsl #2
 120:Equalizer.cpp **** 					m_EQParams[band].Q = value;
 567              		.loc 1 120 5 view .LVU139
 568 0036 D3ED057A 		vldr.32	s15, [r3, #20]
 569 003a B4EE670A 		vcmp.f32	s0, s15
 570 003e F1EE10FA 		vmrs	APSR_nzcv, FPSCR
 571 0042 E4D0     		beq	.L54
 121:Equalizer.cpp **** 					update = true;
 572              		.loc 1 121 6 is_stmt 1 view .LVU140
 121:Equalizer.cpp **** 					update = true;
 573              		.loc 1 121 25 is_stmt 0 view .LVU141
 574 0044 83ED050A 		vstr.32	s0, [r3, #20]
 122:Equalizer.cpp **** 				}
 575              		.loc 1 122 6 is_stmt 1 view .LVU142
 576              	.LVL40:
 126:Equalizer.cpp **** 	}
 577              		.loc 1 126 3 view .LVU143
 578 0048 EFE7     		b	.L58
 579              	.LVL41:
 580              	.L56:
 113:Equalizer.cpp **** 				if (m_EQParams[band].fc != value) {
 581              		.loc 1 113 4 view .LVU144
 114:Equalizer.cpp **** 					m_EQParams[band].fc = value;
 582              		.loc 1 114 5 view .LVU145
 114:Equalizer.cpp **** 					m_EQParams[band].fc = value;
 583              		.loc 1 114 26 is_stmt 0 view .LVU146
 584 004a 01EB4103 		add	r3, r1, r1, lsl #1
 585 004e 00EB8303 		add	r3, r0, r3, lsl #2
 114:Equalizer.cpp **** 					m_EQParams[band].fc = value;
 586              		.loc 1 114 5 view .LVU147
 587 0052 D3ED047A 		vldr.32	s15, [r3, #16]
 588 0056 B4EE670A 		vcmp.f32	s0, s15
 589 005a F1EE10FA 		vmrs	APSR_nzcv, FPSCR
 590 005e D6D0     		beq	.L54
 115:Equalizer.cpp **** 					update = true;
ARM GAS  C:\Users\micke\AppData\Local\Temp\cc4B4FB9.s 			page 16


 591              		.loc 1 115 6 is_stmt 1 view .LVU148
 115:Equalizer.cpp **** 					update = true;
 592              		.loc 1 115 26 is_stmt 0 view .LVU149
 593 0060 83ED040A 		vstr.32	s0, [r3, #16]
 116:Equalizer.cpp **** 				}
 594              		.loc 1 116 6 is_stmt 1 view .LVU150
 595              	.LVL42:
 126:Equalizer.cpp **** 	}
 596              		.loc 1 126 3 view .LVU151
 597 0064 E1E7     		b	.L58
 598              	.LBE42:
 599              	.LBE43:
 600              		.cfi_endproc
 601              	.LFE558:
 603              		.section	.text._ZN9Equalizer12incParameterEs9PARAMETERf,"ax",%progbits
 604              		.align	1
 605              		.p2align 2,,3
 606              		.global	_ZN9Equalizer12incParameterEs9PARAMETERf
 607              		.syntax unified
 608              		.thumb
 609              		.thumb_func
 610              		.fpu fpv5-d16
 612              	_ZN9Equalizer12incParameterEs9PARAMETERf:
 613              	.LVL43:
 614              	.LFB556:
  84:Equalizer.cpp **** 	// TODO change code to increment parameter for IIR filters (See slides) - call updateEQParamters
 615              		.loc 1 84 1 view -0
 616              		.cfi_startproc
 617              		@ args = 0, pretend = 0, frame = 0
 618              		@ frame_needed = 0, uses_anonymous_args = 0
  87:Equalizer.cpp **** 	return m_EQParams[band].gain;
 619              		.loc 1 87 5 view .LVU153
  87:Equalizer.cpp **** 	return m_EQParams[band].gain;
 620              		.loc 1 87 48 is_stmt 0 view .LVU154
 621 0000 01EB4103 		add	r3, r1, r1, lsl #1
 622              	.LBB48:
 623              	.LBB49:
 103:Equalizer.cpp **** 	{
 624              		.loc 1 103 2 view .LVU155
 625 0004 0529     		cmp	r1, #5
 626              	.LBE49:
 627              	.LBE48:
  84:Equalizer.cpp **** 	// TODO change code to increment parameter for IIR filters (See slides) - call updateEQParamters
 628              		.loc 1 84 1 view .LVU156
 629 0006 F0EE407A 		vmov.f32	s15, s0
  87:Equalizer.cpp **** 	return m_EQParams[band].gain;
 630              		.loc 1 87 48 view .LVU157
 631 000a 00EB8303 		add	r3, r0, r3, lsl #2
 632 000e 93ED030A 		vldr.32	s0, [r3, #12]
 633              	.LVL44:
 634              	.LBB62:
 635              	.LBI48:
  99:Equalizer.cpp **** {
 636              		.loc 1 99 6 is_stmt 1 view .LVU158
 637              	.LBB58:
 101:Equalizer.cpp **** 
 638              		.loc 1 101 5 view .LVU159
ARM GAS  C:\Users\micke\AppData\Local\Temp\cc4B4FB9.s 			page 17


 103:Equalizer.cpp **** 	{
 639              		.loc 1 103 2 view .LVU160
 640 0012 0CDC     		bgt	.L66
 641              	.LBB50:
 642              	.LBB51:
 105:Equalizer.cpp **** 		{
 643              		.loc 1 105 3 is_stmt 0 view .LVU161
 644 0014 012A     		cmp	r2, #1
 645              	.LBE51:
 646              	.LBE50:
 647              	.LBE58:
 648              	.LBE62:
  87:Equalizer.cpp **** 	return m_EQParams[band].gain;
 649              		.loc 1 87 17 view .LVU162
 650 0016 70EE277A 		vadd.f32	s15, s0, s15
 651              	.LVL45:
  84:Equalizer.cpp **** 	// TODO change code to increment parameter for IIR filters (See slides) - call updateEQParamters
 652              		.loc 1 84 1 view .LVU163
 653 001a 70B5     		push	{r4, r5, r6, lr}
 654              		.cfi_def_cfa_offset 16
 655              		.cfi_offset 4, -16
 656              		.cfi_offset 5, -12
 657              		.cfi_offset 6, -8
 658              		.cfi_offset 14, -4
 659 001c 0E46     		mov	r6, r1
 660 001e 0546     		mov	r5, r0
 661              	.LVL46:
 662              	.LBB63:
 663              	.LBB59:
 664              	.LBB55:
 665              	.LBI50:
  99:Equalizer.cpp **** {
 666              		.loc 1 99 6 is_stmt 1 view .LVU164
 667              	.LBB52:
 105:Equalizer.cpp **** 		{
 668              		.loc 1 105 3 view .LVU165
 669 0020 4FEA4104 		lsl	r4, r1, #1
 670 0024 1FD0     		beq	.L62
 671 0026 022A     		cmp	r2, #2
 672 0028 13D0     		beq	.L63
 673 002a 0AB1     		cbz	r2, .L69
 674              	.L60:
 675              	.LBE52:
 676              	.LBE55:
 677              	.LBE59:
 678              	.LBE63:
  89:Equalizer.cpp **** 
 679              		.loc 1 89 1 is_stmt 0 view .LVU166
 680 002c 70BD     		pop	{r4, r5, r6, pc}
 681              	.LVL47:
 682              	.L66:
 683              		.cfi_def_cfa_offset 0
 684              		.cfi_restore 4
 685              		.cfi_restore 5
 686              		.cfi_restore 6
 687              		.cfi_restore 14
  89:Equalizer.cpp **** 
ARM GAS  C:\Users\micke\AppData\Local\Temp\cc4B4FB9.s 			page 18


 688              		.loc 1 89 1 view .LVU167
 689 002e 7047     		bx	lr
 690              	.LVL48:
 691              	.L69:
 692              		.cfi_def_cfa_offset 16
 693              		.cfi_offset 4, -16
 694              		.cfi_offset 5, -12
 695              		.cfi_offset 6, -8
 696              		.cfi_offset 14, -4
 697              	.LBB64:
 698              	.LBB60:
 699              	.LBB56:
 700              	.LBB53:
 107:Equalizer.cpp **** 				if (m_EQParams[band].gain != value) {
 701              		.loc 1 107 4 is_stmt 1 view .LVU168
 108:Equalizer.cpp **** 					m_EQParams[band].gain = value;
 702              		.loc 1 108 5 view .LVU169
 703 0030 B4EE670A 		vcmp.f32	s0, s15
 704 0034 F1EE10FA 		vmrs	APSR_nzcv, FPSCR
 705 0038 F8D0     		beq	.L60
 109:Equalizer.cpp **** 					update = true;
 706              		.loc 1 109 6 view .LVU170
 109:Equalizer.cpp **** 					update = true;
 707              		.loc 1 109 28 is_stmt 0 view .LVU171
 708 003a C3ED037A 		vstr.32	s15, [r3, #12]
 110:Equalizer.cpp **** 				}
 709              		.loc 1 110 6 is_stmt 1 view .LVU172
 710              	.LVL49:
 126:Equalizer.cpp **** 	}
 711              		.loc 1 126 3 view .LVU173
 712              	.L64:
 126:Equalizer.cpp **** 	}
 713              		.loc 1 126 15 view .LVU174
 126:Equalizer.cpp **** 	}
 714              		.loc 1 126 33 is_stmt 0 view .LVU175
 715 003e 3146     		mov	r1, r6
 716              	.LVL50:
 126:Equalizer.cpp **** 	}
 717              		.loc 1 126 33 view .LVU176
 718 0040 2846     		mov	r0, r5
 719              	.LVL51:
 126:Equalizer.cpp **** 	}
 720              		.loc 1 126 33 view .LVU177
 721 0042 FFF7FEFF 		bl	_ZN9Equalizer18updateEQParametersEs
 722              	.LVL52:
 126:Equalizer.cpp **** 	}
 723              		.loc 1 126 33 view .LVU178
 724              	.LBE53:
 725              	.LBE56:
 726              	.LBE60:
 727              	.LBE64:
  88:Equalizer.cpp **** }
 728              		.loc 1 88 26 view .LVU179
 729 0046 A119     		adds	r1, r4, r6
 730 0048 05EB8100 		add	r0, r5, r1, lsl #2
 731 004c 90ED030A 		vldr.32	s0, [r0, #12]
 732              	.LVL53:
ARM GAS  C:\Users\micke\AppData\Local\Temp\cc4B4FB9.s 			page 19


  88:Equalizer.cpp **** }
 733              		.loc 1 88 2 is_stmt 1 view .LVU180
  89:Equalizer.cpp **** 
 734              		.loc 1 89 1 is_stmt 0 view .LVU181
 735 0050 70BD     		pop	{r4, r5, r6, pc}
 736              	.LVL54:
 737              	.L63:
 738              	.LBB65:
 739              	.LBB61:
 740              	.LBB57:
 741              	.LBB54:
 119:Equalizer.cpp **** 				if (m_EQParams[band].Q != value) {
 742              		.loc 1 119 4 is_stmt 1 view .LVU182
 120:Equalizer.cpp **** 					m_EQParams[band].Q = value;
 743              		.loc 1 120 5 view .LVU183
 744 0052 93ED057A 		vldr.32	s14, [r3, #20]
 745 0056 F4EE477A 		vcmp.f32	s15, s14
 746 005a F1EE10FA 		vmrs	APSR_nzcv, FPSCR
 747 005e E5D0     		beq	.L60
 121:Equalizer.cpp **** 					update = true;
 748              		.loc 1 121 6 view .LVU184
 121:Equalizer.cpp **** 					update = true;
 749              		.loc 1 121 25 is_stmt 0 view .LVU185
 750 0060 C3ED057A 		vstr.32	s15, [r3, #20]
 122:Equalizer.cpp **** 				}
 751              		.loc 1 122 6 is_stmt 1 view .LVU186
 752              	.LVL55:
 126:Equalizer.cpp **** 	}
 753              		.loc 1 126 3 view .LVU187
 754 0064 EBE7     		b	.L64
 755              	.LVL56:
 756              	.L62:
 113:Equalizer.cpp **** 				if (m_EQParams[band].fc != value) {
 757              		.loc 1 113 4 view .LVU188
 114:Equalizer.cpp **** 					m_EQParams[band].fc = value;
 758              		.loc 1 114 5 view .LVU189
 759 0066 93ED047A 		vldr.32	s14, [r3, #16]
 760 006a F4EE477A 		vcmp.f32	s15, s14
 761 006e F1EE10FA 		vmrs	APSR_nzcv, FPSCR
 762 0072 DBD0     		beq	.L60
 115:Equalizer.cpp **** 					update = true;
 763              		.loc 1 115 6 view .LVU190
 115:Equalizer.cpp **** 					update = true;
 764              		.loc 1 115 26 is_stmt 0 view .LVU191
 765 0074 C3ED047A 		vstr.32	s15, [r3, #16]
 116:Equalizer.cpp **** 				}
 766              		.loc 1 116 6 is_stmt 1 view .LVU192
 767              	.LVL57:
 126:Equalizer.cpp **** 	}
 768              		.loc 1 126 3 view .LVU193
 769 0078 E1E7     		b	.L64
 770              	.LBE54:
 771              	.LBE57:
 772              	.LBE61:
 773              	.LBE65:
 774              		.cfi_endproc
 775              	.LFE556:
ARM GAS  C:\Users\micke\AppData\Local\Temp\cc4B4FB9.s 			page 20


 777 007a 00BF     		.section	.text._ZN9Equalizer12getParameterEs9PARAMETER,"ax",%progbits
 778              		.align	1
 779              		.p2align 2,,3
 780              		.global	_ZN9Equalizer12getParameterEs9PARAMETER
 781              		.syntax unified
 782              		.thumb
 783              		.thumb_func
 784              		.fpu fpv5-d16
 786              	_ZN9Equalizer12getParameterEs9PARAMETER:
 787              	.LVL58:
 788              	.LFB560:
 163:Equalizer.cpp **** 
 164:Equalizer.cpp **** float Equalizer::getParameter(short band, PARAMETER param) 
 165:Equalizer.cpp **** {
 789              		.loc 1 165 1 view -0
 790              		.cfi_startproc
 791              		@ args = 0, pretend = 0, frame = 0
 792              		@ frame_needed = 0, uses_anonymous_args = 0
 793              		@ link register save eliminated.
 166:Equalizer.cpp **** 		switch (param) 
 794              		.loc 1 166 3 view .LVU195
 795 0000 012A     		cmp	r2, #1
 796 0002 05D0     		beq	.L71
 797 0004 022A     		cmp	r2, #2
 798 0006 11D0     		beq	.L72
 799 0008 4AB1     		cbz	r2, .L75
 800 000a 9FED0C0A 		vldr.32	s0, .L76
 167:Equalizer.cpp **** 		{
 168:Equalizer.cpp **** 			case PM_GAIN:
 169:Equalizer.cpp **** 				return m_EQParams[band].gain;
 170:Equalizer.cpp **** 			case PM_FREQ:
 171:Equalizer.cpp **** 				return m_EQParams[band].fc;
 172:Equalizer.cpp **** 			case PM_Q:
 173:Equalizer.cpp **** 				return m_EQParams[band].Q;
 174:Equalizer.cpp **** 			default:
 175:Equalizer.cpp **** 				return 0.0;
 176:Equalizer.cpp **** 		}
 177:Equalizer.cpp **** 	}...
 801              		.loc 1 177 2 is_stmt 0 view .LVU196
 802 000e 7047     		bx	lr
 803              	.L71:
 170:Equalizer.cpp **** 			case PM_FREQ:
 804              		.loc 1 170 4 is_stmt 1 view .LVU197
 171:Equalizer.cpp **** 				return m_EQParams[band].fc;
 805              		.loc 1 171 5 view .LVU198
 171:Equalizer.cpp **** 				return m_EQParams[band].fc;
 806              		.loc 1 171 29 is_stmt 0 view .LVU199
 807 0010 01EB4101 		add	r1, r1, r1, lsl #1
 808              	.LVL59:
 171:Equalizer.cpp **** 				return m_EQParams[band].fc;
 809              		.loc 1 171 29 view .LVU200
 810 0014 00EB8100 		add	r0, r0, r1, lsl #2
 811              	.LVL60:
 171:Equalizer.cpp **** 				return m_EQParams[band].fc;
 812              		.loc 1 171 29 view .LVU201
 813 0018 90ED040A 		vldr.32	s0, [r0, #16]
 814 001c 7047     		bx	lr
ARM GAS  C:\Users\micke\AppData\Local\Temp\cc4B4FB9.s 			page 21


 815              	.LVL61:
 816              	.L75:
 168:Equalizer.cpp **** 			case PM_GAIN:
 817              		.loc 1 168 4 is_stmt 1 view .LVU202
 169:Equalizer.cpp **** 				return m_EQParams[band].gain;
 818              		.loc 1 169 5 view .LVU203
 169:Equalizer.cpp **** 				return m_EQParams[band].gain;
 819              		.loc 1 169 29 is_stmt 0 view .LVU204
 820 001e 01EB4101 		add	r1, r1, r1, lsl #1
 821              	.LVL62:
 169:Equalizer.cpp **** 				return m_EQParams[band].gain;
 822              		.loc 1 169 29 view .LVU205
 823 0022 00EB8100 		add	r0, r0, r1, lsl #2
 824              	.LVL63:
 169:Equalizer.cpp **** 				return m_EQParams[band].gain;
 825              		.loc 1 169 29 view .LVU206
 826 0026 90ED030A 		vldr.32	s0, [r0, #12]
 827 002a 7047     		bx	lr
 828              	.LVL64:
 829              	.L72:
 172:Equalizer.cpp **** 			case PM_Q:
 830              		.loc 1 172 4 is_stmt 1 view .LVU207
 173:Equalizer.cpp **** 				return m_EQParams[band].Q;
 831              		.loc 1 173 5 view .LVU208
 173:Equalizer.cpp **** 				return m_EQParams[band].Q;
 832              		.loc 1 173 29 is_stmt 0 view .LVU209
 833 002c 01EB4101 		add	r1, r1, r1, lsl #1
 834              	.LVL65:
 173:Equalizer.cpp **** 				return m_EQParams[band].Q;
 835              		.loc 1 173 29 view .LVU210
 836 0030 00EB8100 		add	r0, r0, r1, lsl #2
 837              	.LVL66:
 173:Equalizer.cpp **** 				return m_EQParams[band].Q;
 838              		.loc 1 173 29 view .LVU211
 839 0034 90ED050A 		vldr.32	s0, [r0, #20]
 840 0038 7047     		bx	lr
 841              	.L77:
 842 003a 00BF     		.align	2
 843              	.L76:
 844 003c 00000000 		.word	0
 845              		.cfi_endproc
 846              	.LFE560:
 848              		.section	.text._ZN9EqualizerD2Ev,"ax",%progbits
 849              		.align	1
 850              		.p2align 2,,3
 851              		.global	_ZN9EqualizerD2Ev
 852              		.syntax unified
 853              		.thumb
 854              		.thumb_func
 855              		.fpu fpv5-d16
 857              	_ZN9EqualizerD2Ev:
 858              	.LVL67:
 859              	.LFB550:
  13:Equalizer.cpp **** Equalizer::~Equalizer()
 860              		.loc 1 13 1 is_stmt 1 view -0
 861              		.cfi_startproc
 862              		@ args = 0, pretend = 0, frame = 0
ARM GAS  C:\Users\micke\AppData\Local\Temp\cc4B4FB9.s 			page 22


 863              		@ frame_needed = 0, uses_anonymous_args = 0
  13:Equalizer.cpp **** Equalizer::~Equalizer()
 864              		.loc 1 13 1 is_stmt 0 view .LVU213
 865 0000 70B5     		push	{r4, r5, r6, lr}
 866              		.cfi_def_cfa_offset 16
 867              		.cfi_offset 4, -16
 868              		.cfi_offset 5, -12
 869              		.cfi_offset 6, -8
 870              		.cfi_offset 14, -4
 871              	.LBB67:
  13:Equalizer.cpp **** Equalizer::~Equalizer()
 872              		.loc 1 13 23 view .LVU214
 873 0002 0D4B     		ldr	r3, .L82
 874              	.LBE67:
  13:Equalizer.cpp **** Equalizer::~Equalizer()
 875              		.loc 1 13 1 view .LVU215
 876 0004 0546     		mov	r5, r0
 877              	.LBB68:
  13:Equalizer.cpp **** Equalizer::~Equalizer()
 878              		.loc 1 13 23 view .LVU216
 879 0006 00F5BA74 		add	r4, r0, #372
 880 000a 00F5D070 		add	r0, r0, #416
 881              	.LVL68:
  13:Equalizer.cpp **** Equalizer::~Equalizer()
 882              		.loc 1 13 23 view .LVU217
 883 000e 2B60     		str	r3, [r5]
 884 0010 05F16C06 		add	r6, r5, #108
 885 0014 FFF7FEFF 		bl	_ZN14LowShelfFilterD1Ev
 886              	.LVL69:
 887 0018 2046     		mov	r0, r4
 888 001a FFF7FEFF 		bl	_ZN15HighShelfFilterD1Ev
 889              	.LVL70:
 890              	.L79:
  13:Equalizer.cpp **** Equalizer::~Equalizer()
 891              		.loc 1 13 23 discriminator 5 view .LVU218
 892 001e 54F82C3D 		ldr	r3, [r4, #-44]!
 893 0022 1B68     		ldr	r3, [r3]
 894 0024 2046     		mov	r0, r4
 895 0026 9847     		blx	r3
 896              	.LVL71:
 897 0028 A642     		cmp	r6, r4
 898 002a F8D1     		bne	.L79
  13:Equalizer.cpp **** Equalizer::~Equalizer()
 899              		.loc 1 13 23 discriminator 7 view .LVU219
 900 002c 2846     		mov	r0, r5
 901 002e FFF7FEFF 		bl	_ZN9AlgorithmD2Ev
 902              	.LVL72:
 903              	.LBE68:
  16:Equalizer.cpp **** }
 904              		.loc 1 16 1 discriminator 7 view .LVU220
 905 0032 2846     		mov	r0, r5
 906 0034 70BD     		pop	{r4, r5, r6, pc}
 907              	.LVL73:
 908              	.L83:
  16:Equalizer.cpp **** }
 909              		.loc 1 16 1 discriminator 7 view .LVU221
 910 0036 00BF     		.align	2
ARM GAS  C:\Users\micke\AppData\Local\Temp\cc4B4FB9.s 			page 23


 911              	.L82:
 912 0038 08000000 		.word	.LANCHOR0+8
 913              		.cfi_endproc
 914              	.LFE550:
 916              		.global	_ZN9EqualizerD1Ev
 917              		.thumb_set _ZN9EqualizerD1Ev,_ZN9EqualizerD2Ev
 918              		.section	.text._ZN9EqualizerD0Ev,"ax",%progbits
 919              		.align	1
 920              		.p2align 2,,3
 921              		.global	_ZN9EqualizerD0Ev
 922              		.syntax unified
 923              		.thumb
 924              		.thumb_func
 925              		.fpu fpv5-d16
 927              	_ZN9EqualizerD0Ev:
 928              	.LVL74:
 929              	.LFB552:
  13:Equalizer.cpp **** Equalizer::~Equalizer()
 930              		.loc 1 13 1 is_stmt 1 view -0
 931              		.cfi_startproc
 932              		@ args = 0, pretend = 0, frame = 0
 933              		@ frame_needed = 0, uses_anonymous_args = 0
  13:Equalizer.cpp **** Equalizer::~Equalizer()
 934              		.loc 1 13 1 is_stmt 0 view .LVU223
 935 0000 70B5     		push	{r4, r5, r6, lr}
 936              		.cfi_def_cfa_offset 16
 937              		.cfi_offset 4, -16
 938              		.cfi_offset 5, -12
 939              		.cfi_offset 6, -8
 940              		.cfi_offset 14, -4
 941              	.LBB72:
 942              	.LBB73:
  13:Equalizer.cpp **** Equalizer::~Equalizer()
 943              		.loc 1 13 23 view .LVU224
 944 0002 0F4B     		ldr	r3, .L88
 945              	.LBE73:
 946              	.LBE72:
  13:Equalizer.cpp **** Equalizer::~Equalizer()
 947              		.loc 1 13 1 view .LVU225
 948 0004 0546     		mov	r5, r0
 949              	.LVL75:
 950              	.LBB75:
 951              	.LBI72:
  13:Equalizer.cpp **** Equalizer::~Equalizer()
 952              		.loc 1 13 1 is_stmt 1 view .LVU226
 953              	.LBB74:
  13:Equalizer.cpp **** Equalizer::~Equalizer()
 954              		.loc 1 13 23 is_stmt 0 view .LVU227
 955 0006 00F5BA74 		add	r4, r0, #372
 956 000a 00F5D070 		add	r0, r0, #416
 957              	.LVL76:
  13:Equalizer.cpp **** Equalizer::~Equalizer()
 958              		.loc 1 13 23 view .LVU228
 959 000e 2B60     		str	r3, [r5]
 960 0010 05F16C06 		add	r6, r5, #108
 961 0014 FFF7FEFF 		bl	_ZN14LowShelfFilterD1Ev
 962              	.LVL77:
ARM GAS  C:\Users\micke\AppData\Local\Temp\cc4B4FB9.s 			page 24


 963 0018 2046     		mov	r0, r4
 964 001a FFF7FEFF 		bl	_ZN15HighShelfFilterD1Ev
 965              	.LVL78:
 966              	.L85:
 967 001e 54F82C3D 		ldr	r3, [r4, #-44]!
 968 0022 1B68     		ldr	r3, [r3]
 969 0024 2046     		mov	r0, r4
 970 0026 9847     		blx	r3
 971              	.LVL79:
 972 0028 A642     		cmp	r6, r4
 973 002a F8D1     		bne	.L85
 974 002c 2846     		mov	r0, r5
 975 002e FFF7FEFF 		bl	_ZN9AlgorithmD2Ev
 976              	.LVL80:
  13:Equalizer.cpp **** Equalizer::~Equalizer()
 977              		.loc 1 13 23 view .LVU229
 978              	.LBE74:
 979              	.LBE75:
  16:Equalizer.cpp **** }
 980              		.loc 1 16 1 view .LVU230
 981 0032 2846     		mov	r0, r5
 982 0034 4FF4E671 		mov	r1, #460
 983 0038 FFF7FEFF 		bl	_ZdlPvj
 984              	.LVL81:
 985 003c 2846     		mov	r0, r5
 986 003e 70BD     		pop	{r4, r5, r6, pc}
 987              	.LVL82:
 988              	.L89:
  16:Equalizer.cpp **** }
 989              		.loc 1 16 1 view .LVU231
 990              		.align	2
 991              	.L88:
 992 0040 08000000 		.word	.LANCHOR0+8
 993              		.cfi_endproc
 994              	.LFE552:
 996              		.section	.text._ZN9Equalizer4InitEi,"ax",%progbits
 997              		.align	1
 998              		.p2align 2,,3
 999              		.global	_ZN9Equalizer4InitEi
 1000              		.syntax unified
 1001              		.thumb
 1002              		.thumb_func
 1003              		.fpu fpv5-d16
 1005              	_ZN9Equalizer4InitEi:
 1006              	.LVL83:
 1007              	.LFB555:
  35:Equalizer.cpp **** {
 1008              		.loc 1 35 1 is_stmt 1 view -0
 1009              		.cfi_startproc
 1010              		@ args = 0, pretend = 0, frame = 8
 1011              		@ frame_needed = 0, uses_anonymous_args = 0
  36:Equalizer.cpp **** 	sampleRate_ = sampleRate;
 1012              		.loc 1 36 2 view .LVU233
  40:Equalizer.cpp **** 	m_EQParams[0].fc = 100.0;	//low shelf
 1013              		.loc 1 40 19 is_stmt 0 view .LVU234
 1014 0000 2D4A     		ldr	r2, .L99
  43:Equalizer.cpp **** 	m_EQParams[1].gain = 2.0;
ARM GAS  C:\Users\micke\AppData\Local\Temp\cc4B4FB9.s 			page 25


 1015              		.loc 1 43 21 view .LVU235
 1016 0002 4FF08043 		mov	r3, #1073741824
  35:Equalizer.cpp **** {
 1017              		.loc 1 35 1 view .LVU236
 1018 0006 2DE9F047 		push	{r4, r5, r6, r7, r8, r9, r10, lr}
 1019              		.cfi_def_cfa_offset 32
 1020              		.cfi_offset 4, -32
 1021              		.cfi_offset 5, -28
 1022              		.cfi_offset 6, -24
 1023              		.cfi_offset 7, -20
 1024              		.cfi_offset 8, -16
 1025              		.cfi_offset 9, -12
 1026              		.cfi_offset 10, -8
 1027              		.cfi_offset 14, -4
 1028 000a 0446     		mov	r4, r0
  40:Equalizer.cpp **** 	m_EQParams[0].fc = 100.0;	//low shelf
 1029              		.loc 1 40 19 view .LVU237
 1030 000c 0261     		str	r2, [r0, #16]	@ float
  41:Equalizer.cpp **** 	m_EQParams[0].gain = 3.0;	//bass boost
 1031              		.loc 1 41 21 view .LVU238
 1032 000e 2B4E     		ldr	r6, .L99+4
  49:Equalizer.cpp **** 	m_EQParams[4].gain = 0.5; 
 1033              		.loc 1 49 21 view .LVU239
 1034 0010 4FF07C55 		mov	r5, #1056964608
  42:Equalizer.cpp **** 	m_EQParams[1].fc = 500.0;	//peak
 1035              		.loc 1 42 19 view .LVU240
 1036 0014 2A4A     		ldr	r2, .L99+8
  35:Equalizer.cpp **** {
 1037              		.loc 1 35 1 view .LVU241
 1038 0016 82B0     		sub	sp, sp, #8
 1039              		.cfi_def_cfa_offset 40
  41:Equalizer.cpp **** 	m_EQParams[0].gain = 3.0;	//bass boost
 1040              		.loc 1 41 21 view .LVU242
 1041 0018 C660     		str	r6, [r0, #12]	@ float
 1042 001a 04F15408 		add	r8, r4, #84
  49:Equalizer.cpp **** 	m_EQParams[4].gain = 0.5; 
 1043              		.loc 1 49 21 view .LVU243
 1044 001e C563     		str	r5, [r0, #60]	@ float
  51:Equalizer.cpp **** 	m_EQParams[5].gain = 2.0; 
 1045              		.loc 1 51 21 view .LVU244
 1046 0020 0025     		movs	r5, #0
  42:Equalizer.cpp **** 	m_EQParams[1].fc = 500.0;	//peak
 1047              		.loc 1 42 19 view .LVU245
 1048 0022 E261     		str	r2, [r4, #28]	@ float
 1049 0024 2646     		mov	r6, r4
  46:Equalizer.cpp **** 	m_EQParams[3].fc = 2000.0;	//peak
 1050              		.loc 1 46 19 view .LVU246
 1051 0026 274A     		ldr	r2, .L99+12
 1052 0028 04F16C07 		add	r7, r4, #108
  44:Equalizer.cpp **** 	m_EQParams[2].fc = 800.0;	//peak
 1053              		.loc 1 44 19 view .LVU247
 1054 002c 2648     		ldr	r0, .L99+16
 1055              	.LVL84:
  36:Equalizer.cpp **** 	sampleRate_ = sampleRate;
 1056              		.loc 1 36 14 view .LVU248
 1057 002e 6160     		str	r1, [r4, #4]
  40:Equalizer.cpp **** 	m_EQParams[0].fc = 100.0;	//low shelf
ARM GAS  C:\Users\micke\AppData\Local\Temp\cc4B4FB9.s 			page 26


 1058              		.loc 1 40 2 is_stmt 1 view .LVU249
  41:Equalizer.cpp **** 	m_EQParams[0].gain = 3.0;	//bass boost
 1059              		.loc 1 41 2 view .LVU250
  42:Equalizer.cpp **** 	m_EQParams[1].fc = 500.0;	//peak
 1060              		.loc 1 42 2 view .LVU251
  43:Equalizer.cpp **** 	m_EQParams[1].gain = 2.0;
 1061              		.loc 1 43 2 view .LVU252
  46:Equalizer.cpp **** 	m_EQParams[3].fc = 2000.0;	//peak
 1062              		.loc 1 46 19 is_stmt 0 view .LVU253
 1063 0030 6263     		str	r2, [r4, #52]	@ float
  48:Equalizer.cpp **** 	m_EQParams[4].fc = 2800.0;	//peak
 1064              		.loc 1 48 19 view .LVU254
 1065 0032 2649     		ldr	r1, .L99+20
 1066              	.LVL85:
  50:Equalizer.cpp **** 	m_EQParams[5].fc = 4000.0;	//high shelf
 1067              		.loc 1 50 19 view .LVU255
 1068 0034 264A     		ldr	r2, .L99+24
  43:Equalizer.cpp **** 	m_EQParams[1].gain = 2.0;
 1069              		.loc 1 43 21 view .LVU256
 1070 0036 A361     		str	r3, [r4, #24]	@ float
  44:Equalizer.cpp **** 	m_EQParams[2].fc = 800.0;	//peak
 1071              		.loc 1 44 2 is_stmt 1 view .LVU257
  45:Equalizer.cpp **** 	m_EQParams[2].gain = 2.0;
 1072              		.loc 1 45 21 is_stmt 0 view .LVU258
 1073 0038 6362     		str	r3, [r4, #36]	@ float
  47:Equalizer.cpp **** 	m_EQParams[3].gain = 2.0; 
 1074              		.loc 1 47 21 view .LVU259
 1075 003a 2363     		str	r3, [r4, #48]	@ float
  51:Equalizer.cpp **** 	m_EQParams[5].gain = 2.0; 
 1076              		.loc 1 51 21 view .LVU260
 1077 003c A364     		str	r3, [r4, #72]	@ float
 1078 003e 2B46     		mov	r3, r5
 1079 0040 DFF89090 		ldr	r9, .L99+28
  44:Equalizer.cpp **** 	m_EQParams[2].fc = 800.0;	//peak
 1080              		.loc 1 44 19 view .LVU261
 1081 0044 A062     		str	r0, [r4, #40]	@ float
  45:Equalizer.cpp **** 	m_EQParams[2].gain = 2.0;
 1082              		.loc 1 45 2 is_stmt 1 view .LVU262
  46:Equalizer.cpp **** 	m_EQParams[3].fc = 2000.0;	//peak
 1083              		.loc 1 46 2 view .LVU263
  47:Equalizer.cpp **** 	m_EQParams[3].gain = 2.0; 
 1084              		.loc 1 47 2 view .LVU264
  48:Equalizer.cpp **** 	m_EQParams[4].fc = 2800.0;	//peak
 1085              		.loc 1 48 2 view .LVU265
  48:Equalizer.cpp **** 	m_EQParams[4].fc = 2800.0;	//peak
 1086              		.loc 1 48 19 is_stmt 0 view .LVU266
 1087 0046 2164     		str	r1, [r4, #64]	@ float
  49:Equalizer.cpp **** 	m_EQParams[4].gain = 0.5; 
 1088              		.loc 1 49 2 is_stmt 1 view .LVU267
  50:Equalizer.cpp **** 	m_EQParams[5].fc = 4000.0;	//high shelf
 1089              		.loc 1 50 2 view .LVU268
  50:Equalizer.cpp **** 	m_EQParams[5].fc = 4000.0;	//high shelf
 1090              		.loc 1 50 19 is_stmt 0 view .LVU269
 1091 0048 E264     		str	r2, [r4, #76]	@ float
  51:Equalizer.cpp **** 	m_EQParams[5].gain = 2.0; 
 1092              		.loc 1 51 2 is_stmt 1 view .LVU270
  54:Equalizer.cpp **** 	for (short band = 0; band < NUM_EQ_BANDS; band++)
ARM GAS  C:\Users\micke\AppData\Local\Temp\cc4B4FB9.s 			page 27


 1093              		.loc 1 54 2 view .LVU271
 1094              	.LVL86:
 1095              	.LBB76:
  54:Equalizer.cpp **** 	for (short band = 0; band < NUM_EQ_BANDS; band++)
 1096              		.loc 1 54 28 view .LVU272
 1097 004a 0DE0     		b	.L95
 1098              	.LVL87:
 1099              	.L98:
  58:Equalizer.cpp **** 		switch (BAND_TYPES[band])
 1100              		.loc 1 58 3 is_stmt 0 view .LVU273
 1101 004c 3BB3     		cbz	r3, .L97
 1102              	.LVL88:
 1103              	.L93:
  78:Equalizer.cpp **** 		updateEQParameters(band);
 1104              		.loc 1 78 3 is_stmt 1 discriminator 2 view .LVU274
  54:Equalizer.cpp **** 	for (short band = 0; band < NUM_EQ_BANDS; band++)
 1105              		.loc 1 54 28 is_stmt 0 discriminator 2 view .LVU275
 1106 004e 0135     		adds	r5, r5, #1
  78:Equalizer.cpp **** 		updateEQParameters(band);
 1107              		.loc 1 78 21 discriminator 2 view .LVU276
 1108 0050 2046     		mov	r0, r4
 1109 0052 FFF7FEFF 		bl	_ZN9Equalizer18updateEQParametersEs
 1110              	.LVL89:
  54:Equalizer.cpp **** 	for (short band = 0; band < NUM_EQ_BANDS; band++)
 1111              		.loc 1 54 2 is_stmt 1 discriminator 2 view .LVU277
  54:Equalizer.cpp **** 	for (short band = 0; band < NUM_EQ_BANDS; band++)
 1112              		.loc 1 54 28 discriminator 2 view .LVU278
 1113 0056 0C36     		adds	r6, r6, #12
 1114 0058 062D     		cmp	r5, #6
 1115 005a 08F10408 		add	r8, r8, #4
 1116 005e 07F12C07 		add	r7, r7, #44
 1117 0062 26D0     		beq	.L90
  58:Equalizer.cpp **** 		switch (BAND_TYPES[band])
 1118              		.loc 1 58 26 is_stmt 0 view .LVU279
 1119 0064 19F8013F 		ldrb	r3, [r9, #1]!	@ zero_extendqisi2
 1120              	.L95:
  56:Equalizer.cpp **** 		m_EQParams[band].Q = 8.0; // Default Q
 1121              		.loc 1 56 22 view .LVU280
 1122 0068 4FF08242 		mov	r2, #1090519040
  58:Equalizer.cpp **** 		switch (BAND_TYPES[band])
 1123              		.loc 1 58 3 view .LVU281
 1124 006c 012B     		cmp	r3, #1
 1125 006e 29B2     		sxth	r1, r5
 1126              	.LVL90:
  56:Equalizer.cpp **** 		m_EQParams[band].Q = 8.0; // Default Q
 1127              		.loc 1 56 3 is_stmt 1 view .LVU282
  56:Equalizer.cpp **** 		m_EQParams[band].Q = 8.0; // Default Q
 1128              		.loc 1 56 22 is_stmt 0 view .LVU283
 1129 0070 7261     		str	r2, [r6, #20]	@ float
  58:Equalizer.cpp **** 		switch (BAND_TYPES[band])
 1130              		.loc 1 58 3 is_stmt 1 view .LVU284
 1131 0072 0BD0     		beq	.L91
 1132 0074 022B     		cmp	r3, #2
 1133 0076 E9D1     		bne	.L98
  74:Equalizer.cpp **** 			m_HighShelfFilter.Init();
 1134              		.loc 1 74 26 is_stmt 0 view .LVU285
 1135 0078 04F5BA7A 		add	r10, r4, #372
ARM GAS  C:\Users\micke\AppData\Local\Temp\cc4B4FB9.s 			page 28


 1136 007c 0191     		str	r1, [sp, #4]
  72:Equalizer.cpp **** 		case BAND_HIGH_SHELF:
 1137              		.loc 1 72 3 is_stmt 1 view .LVU286
  74:Equalizer.cpp **** 			m_HighShelfFilter.Init();
 1138              		.loc 1 74 4 view .LVU287
  74:Equalizer.cpp **** 			m_HighShelfFilter.Init();
 1139              		.loc 1 74 26 is_stmt 0 view .LVU288
 1140 007e 5046     		mov	r0, r10
 1141 0080 FFF7FEFF 		bl	_ZN15HighShelfFilter4InitEv
 1142              	.LVL91:
  75:Equalizer.cpp **** 			m_filters[band] = &m_HighShelfFilter;
 1143              		.loc 1 75 4 is_stmt 1 view .LVU289
  75:Equalizer.cpp **** 			m_filters[band] = &m_HighShelfFilter;
 1144              		.loc 1 75 20 is_stmt 0 view .LVU290
 1145 0084 0199     		ldr	r1, [sp, #4]
  76:Equalizer.cpp **** 			break;
 1146              		.loc 1 76 4 is_stmt 1 view .LVU291
  75:Equalizer.cpp **** 			m_filters[band] = &m_HighShelfFilter;
 1147              		.loc 1 75 20 is_stmt 0 view .LVU292
 1148 0086 C8F800A0 		str	r10, [r8]
  76:Equalizer.cpp **** 			break;
 1149              		.loc 1 76 4 view .LVU293
 1150 008a E0E7     		b	.L93
 1151              	.LVL92:
 1152              	.L91:
  68:Equalizer.cpp **** 			m_IIRfilter[band].Init();
 1153              		.loc 1 68 27 view .LVU294
 1154 008c 3B68     		ldr	r3, [r7]
  68:Equalizer.cpp **** 			m_IIRfilter[band].Init();
 1155              		.loc 1 68 26 view .LVU295
 1156 008e 3846     		mov	r0, r7
 1157 0090 0191     		str	r1, [sp, #4]
  66:Equalizer.cpp **** 		case BAND_PEAK_EQ:
 1158              		.loc 1 66 3 is_stmt 1 view .LVU296
  68:Equalizer.cpp **** 			m_IIRfilter[band].Init();
 1159              		.loc 1 68 4 view .LVU297
  68:Equalizer.cpp **** 			m_IIRfilter[band].Init();
 1160              		.loc 1 68 26 is_stmt 0 view .LVU298
 1161 0092 DB68     		ldr	r3, [r3, #12]
 1162 0094 9847     		blx	r3
 1163              	.LVL93:
  69:Equalizer.cpp **** 			m_filters[band] = &m_IIRfilter[band];
 1164              		.loc 1 69 4 is_stmt 1 view .LVU299
  70:Equalizer.cpp **** 			break;
 1165              		.loc 1 70 4 is_stmt 0 view .LVU300
 1166 0096 0199     		ldr	r1, [sp, #4]
  69:Equalizer.cpp **** 			m_filters[band] = &m_IIRfilter[band];
 1167              		.loc 1 69 20 view .LVU301
 1168 0098 C8F80070 		str	r7, [r8]
  70:Equalizer.cpp **** 			break;
 1169              		.loc 1 70 4 is_stmt 1 view .LVU302
 1170 009c D7E7     		b	.L93
 1171              	.LVL94:
 1172              	.L97:
  62:Equalizer.cpp **** 			m_LowShelfFilter.Init();
 1173              		.loc 1 62 25 is_stmt 0 view .LVU303
 1174 009e 04F5D07A 		add	r10, r4, #416
ARM GAS  C:\Users\micke\AppData\Local\Temp\cc4B4FB9.s 			page 29


 1175 00a2 0191     		str	r1, [sp, #4]
 1176              	.LVL95:
  60:Equalizer.cpp **** 		case BAND_LOW_SHELF:
 1177              		.loc 1 60 3 is_stmt 1 view .LVU304
  62:Equalizer.cpp **** 			m_LowShelfFilter.Init();
 1178              		.loc 1 62 4 view .LVU305
  62:Equalizer.cpp **** 			m_LowShelfFilter.Init();
 1179              		.loc 1 62 25 is_stmt 0 view .LVU306
 1180 00a4 5046     		mov	r0, r10
 1181 00a6 FFF7FEFF 		bl	_ZN14LowShelfFilter4InitEv
 1182              	.LVL96:
  63:Equalizer.cpp **** 			m_filters[band] = &m_LowShelfFilter;
 1183              		.loc 1 63 4 is_stmt 1 view .LVU307
  64:Equalizer.cpp **** 			break;
 1184              		.loc 1 64 4 is_stmt 0 view .LVU308
 1185 00aa 0199     		ldr	r1, [sp, #4]
  63:Equalizer.cpp **** 			m_filters[band] = &m_LowShelfFilter;
 1186              		.loc 1 63 20 view .LVU309
 1187 00ac C8F800A0 		str	r10, [r8]
  64:Equalizer.cpp **** 			break;
 1188              		.loc 1 64 4 is_stmt 1 view .LVU310
 1189 00b0 CDE7     		b	.L93
 1190              	.LVL97:
 1191              	.L90:
  64:Equalizer.cpp **** 			break;
 1192              		.loc 1 64 4 is_stmt 0 view .LVU311
 1193              	.LBE76:
  81:Equalizer.cpp **** }
 1194              		.loc 1 81 1 view .LVU312
 1195 00b2 02B0     		add	sp, sp, #8
 1196              		.cfi_def_cfa_offset 32
 1197              		@ sp needed
 1198 00b4 BDE8F087 		pop	{r4, r5, r6, r7, r8, r9, r10, pc}
 1199              	.LVL98:
 1200              	.L100:
  81:Equalizer.cpp **** }
 1201              		.loc 1 81 1 view .LVU313
 1202              		.align	2
 1203              	.L99:
 1204 00b8 0000C842 		.word	1120403456
 1205 00bc 00004040 		.word	1077936128
 1206 00c0 0000FA43 		.word	1140457472
 1207 00c4 0000FA44 		.word	1157234688
 1208 00c8 00004844 		.word	1145569280
 1209 00cc 00002F45 		.word	1160708096
 1210 00d0 00007A45 		.word	1165623296
 1211 00d4 00000000 		.word	.LANCHOR1
 1212              		.cfi_endproc
 1213              	.LFE555:
 1215              		.section	.text._ZN9Equalizer4InitEv,"ax",%progbits
 1216              		.align	1
 1217              		.p2align 2,,3
 1218              		.global	_ZN9Equalizer4InitEv
 1219              		.syntax unified
 1220              		.thumb
 1221              		.thumb_func
 1222              		.fpu fpv5-d16
ARM GAS  C:\Users\micke\AppData\Local\Temp\cc4B4FB9.s 			page 30


 1224              	_ZN9Equalizer4InitEv:
 1225              	.LVL99:
 1226              	.LFB554:
  30:Equalizer.cpp **** {
 1227              		.loc 1 30 1 is_stmt 1 view -0
 1228              		.cfi_startproc
 1229              		@ args = 0, pretend = 0, frame = 0
 1230              		@ frame_needed = 0, uses_anonymous_args = 0
 1231              		@ link register save eliminated.
  31:Equalizer.cpp **** 	Init(48000); 
 1232              		.loc 1 31 2 view .LVU315
  31:Equalizer.cpp **** 	Init(48000); 
 1233              		.loc 1 31 6 is_stmt 0 view .LVU316
 1234 0000 4BF68031 		movw	r1, #48000
 1235 0004 FFF7FEBF 		b	_ZN9Equalizer4InitEi
 1236              	.LVL100:
  31:Equalizer.cpp **** 	Init(48000); 
 1237              		.loc 1 31 6 view .LVU317
 1238              		.cfi_endproc
 1239              	.LFE554:
 1241              		.global	_ZTV9Equalizer
 1242              		.section	.rodata._ZL10BAND_TYPES,"a"
 1243              		.align	2
 1244              		.set	.LANCHOR1,. + 0
 1247              	_ZL10BAND_TYPES:
 1248 0000 00       		.byte	0
 1249 0001 01       		.byte	1
 1250 0002 01       		.byte	1
 1251 0003 01       		.byte	1
 1252 0004 01       		.byte	1
 1253 0005 02       		.byte	2
 1254              		.section	.rodata._ZTV9Equalizer,"a"
 1255              		.align	2
 1256              		.set	.LANCHOR0,. + 0
 1259              	_ZTV9Equalizer:
 1260 0000 00000000 		.word	0
 1261 0004 00000000 		.word	0
 1262 0008 00000000 		.word	_ZN9EqualizerD1Ev
 1263 000c 00000000 		.word	_ZN9EqualizerD0Ev
 1264 0010 00000000 		.word	_ZN9Equalizer7ProcessEf
 1265 0014 00000000 		.word	_ZN9Equalizer4InitEv
 1266              		.text
 1267              	.Letext0:
 1268              		.file 2 "c:\\program files\\daisytoolchain\\arm-none-eabi\\include\\machine\\_default_types.h"
 1269              		.file 3 "c:\\program files\\daisytoolchain\\arm-none-eabi\\include\\sys\\_stdint.h"
 1270              		.file 4 "../../libDaisy//Drivers/CMSIS/Device/ST/STM32H7xx/Include/stm32h7xx.h"
 1271              		.file 5 "c:\\program files\\daisytoolchain\\arm-none-eabi\\include\\c++\\10.2.1\\bits\\cpp_type_tr
 1272              		.file 6 "c:\\program files\\daisytoolchain\\arm-none-eabi\\include\\c++\\10.2.1\\cmath"
 1273              		.file 7 "c:\\program files\\daisytoolchain\\arm-none-eabi\\include\\c++\\10.2.1\\bits\\std_abs.h"
 1274              		.file 8 "c:\\program files\\daisytoolchain\\arm-none-eabi\\include\\c++\\10.2.1\\arm-none-eabi\\th
 1275              		.file 9 "c:\\program files\\daisytoolchain\\arm-none-eabi\\include\\math.h"
 1276              		.file 10 "c:\\program files\\daisytoolchain\\arm-none-eabi\\include\\c++\\10.2.1\\math.h"
 1277              		.file 11 "../../libDaisy//Drivers/STM32H7xx_HAL_Driver/Inc/stm32h7xx_hal_comp.h"
 1278              		.file 12 "../../libDaisy//Drivers/STM32H7xx_HAL_Driver/Inc/stm32h7xx_hal.h"
 1279              		.file 13 "Equalizer.h"
 1280              		.file 14 "IIRFilter.h"
 1281              		.file 15 "HighShelfFilter.h"
ARM GAS  C:\Users\micke\AppData\Local\Temp\cc4B4FB9.s 			page 31


 1282              		.file 16 "LowShelfFilter.h"
 1283              		.file 17 "<built-in>"
ARM GAS  C:\Users\micke\AppData\Local\Temp\cc4B4FB9.s 			page 32


DEFINED SYMBOLS
                            *ABS*:00000000 Equalizer.cpp
C:\Users\micke\AppData\Local\Temp\cc4B4FB9.s:17     .text._ZN9Equalizer7ProcessEf:00000000 $t
C:\Users\micke\AppData\Local\Temp\cc4B4FB9.s:26     .text._ZN9Equalizer7ProcessEf:00000000 _ZN9Equalizer7ProcessEf
C:\Users\micke\AppData\Local\Temp\cc4B4FB9.s:77     .text._ZN9EqualizerC2Ev:00000000 $t
C:\Users\micke\AppData\Local\Temp\cc4B4FB9.s:85     .text._ZN9EqualizerC2Ev:00000000 _ZN9EqualizerC2Ev
C:\Users\micke\AppData\Local\Temp\cc4B4FB9.s:145    .text._ZN9EqualizerC2Ev:00000038 $d
C:\Users\micke\AppData\Local\Temp\cc4B4FB9.s:85     .text._ZN9EqualizerC2Ev:00000000 _ZN9EqualizerC1Ev
C:\Users\micke\AppData\Local\Temp\cc4B4FB9.s:152    .text._ZN9Equalizer18updateEQParametersEs:00000000 $t
C:\Users\micke\AppData\Local\Temp\cc4B4FB9.s:160    .text._ZN9Equalizer18updateEQParametersEs:00000000 _ZN9Equalizer18updateEQParametersEs
C:\Users\micke\AppData\Local\Temp\cc4B4FB9.s:315    .text._ZN9Equalizer18updateEQParametersEs:00000110 $d
C:\Users\micke\AppData\Local\Temp\cc4B4FB9.s:324    .text._ZN9Equalizer12decParameterEs9PARAMETERf:00000000 $t
C:\Users\micke\AppData\Local\Temp\cc4B4FB9.s:332    .text._ZN9Equalizer12decParameterEs9PARAMETERf:00000000 _ZN9Equalizer12decParameterEs9PARAMETERf
C:\Users\micke\AppData\Local\Temp\cc4B4FB9.s:498    .text._ZN9Equalizer12setParameterEs9PARAMETERf:00000000 $t
C:\Users\micke\AppData\Local\Temp\cc4B4FB9.s:506    .text._ZN9Equalizer12setParameterEs9PARAMETERf:00000000 _ZN9Equalizer12setParameterEs9PARAMETERf
C:\Users\micke\AppData\Local\Temp\cc4B4FB9.s:604    .text._ZN9Equalizer12incParameterEs9PARAMETERf:00000000 $t
C:\Users\micke\AppData\Local\Temp\cc4B4FB9.s:612    .text._ZN9Equalizer12incParameterEs9PARAMETERf:00000000 _ZN9Equalizer12incParameterEs9PARAMETERf
C:\Users\micke\AppData\Local\Temp\cc4B4FB9.s:778    .text._ZN9Equalizer12getParameterEs9PARAMETER:00000000 $t
C:\Users\micke\AppData\Local\Temp\cc4B4FB9.s:786    .text._ZN9Equalizer12getParameterEs9PARAMETER:00000000 _ZN9Equalizer12getParameterEs9PARAMETER
C:\Users\micke\AppData\Local\Temp\cc4B4FB9.s:844    .text._ZN9Equalizer12getParameterEs9PARAMETER:0000003c $d
C:\Users\micke\AppData\Local\Temp\cc4B4FB9.s:849    .text._ZN9EqualizerD2Ev:00000000 $t
C:\Users\micke\AppData\Local\Temp\cc4B4FB9.s:857    .text._ZN9EqualizerD2Ev:00000000 _ZN9EqualizerD2Ev
C:\Users\micke\AppData\Local\Temp\cc4B4FB9.s:912    .text._ZN9EqualizerD2Ev:00000038 $d
C:\Users\micke\AppData\Local\Temp\cc4B4FB9.s:857    .text._ZN9EqualizerD2Ev:00000000 _ZN9EqualizerD1Ev
C:\Users\micke\AppData\Local\Temp\cc4B4FB9.s:919    .text._ZN9EqualizerD0Ev:00000000 $t
C:\Users\micke\AppData\Local\Temp\cc4B4FB9.s:927    .text._ZN9EqualizerD0Ev:00000000 _ZN9EqualizerD0Ev
C:\Users\micke\AppData\Local\Temp\cc4B4FB9.s:992    .text._ZN9EqualizerD0Ev:00000040 $d
C:\Users\micke\AppData\Local\Temp\cc4B4FB9.s:997    .text._ZN9Equalizer4InitEi:00000000 $t
C:\Users\micke\AppData\Local\Temp\cc4B4FB9.s:1005   .text._ZN9Equalizer4InitEi:00000000 _ZN9Equalizer4InitEi
C:\Users\micke\AppData\Local\Temp\cc4B4FB9.s:1204   .text._ZN9Equalizer4InitEi:000000b8 $d
C:\Users\micke\AppData\Local\Temp\cc4B4FB9.s:1216   .text._ZN9Equalizer4InitEv:00000000 $t
C:\Users\micke\AppData\Local\Temp\cc4B4FB9.s:1224   .text._ZN9Equalizer4InitEv:00000000 _ZN9Equalizer4InitEv
C:\Users\micke\AppData\Local\Temp\cc4B4FB9.s:1259   .rodata._ZTV9Equalizer:00000000 _ZTV9Equalizer
C:\Users\micke\AppData\Local\Temp\cc4B4FB9.s:1243   .rodata._ZL10BAND_TYPES:00000000 $d
C:\Users\micke\AppData\Local\Temp\cc4B4FB9.s:1247   .rodata._ZL10BAND_TYPES:00000000 _ZL10BAND_TYPES
C:\Users\micke\AppData\Local\Temp\cc4B4FB9.s:1255   .rodata._ZTV9Equalizer:00000000 $d

UNDEFINED SYMBOLS
_ZN9AlgorithmC2Ev
_ZN9IIRFilterC1Ev
_ZN15HighShelfFilterC1Ev
_ZN14LowShelfFilterC1Ev
_ZN9IIRFilter10makePeakEQEffff
_ZN14LowShelfFilter12MakeLowShelfEffff
_ZN15HighShelfFilter13MakeHighShelfEffff
_ZN14LowShelfFilterD1Ev
_ZN15HighShelfFilterD1Ev
_ZN9AlgorithmD2Ev
_ZdlPvj
_ZN15HighShelfFilter4InitEv
_ZN14LowShelfFilter4InitEv
