ARM GAS  C:\Users\micke\AppData\Local\Temp\ccxJD8Ul.s 			page 1


   1              		.cpu cortex-m7
   2              		.eabi_attribute 28, 1
   3              		.eabi_attribute 20, 1
   4              		.eabi_attribute 21, 1
   5              		.eabi_attribute 23, 3
   6              		.eabi_attribute 24, 1
   7              		.eabi_attribute 25, 1
   8              		.eabi_attribute 26, 1
   9              		.eabi_attribute 30, 2
  10              		.eabi_attribute 34, 1
  11              		.eabi_attribute 18, 4
  12              		.file	"YinDetector.cpp"
  13              		.text
  14              	.Ltext0:
  15              		.cfi_sections	.debug_frame
  16              		.section	.text._ZN11YinDetector4InitEi,"ax",%progbits
  17              		.align	1
  18              		.p2align 2,,3
  19              		.global	_ZN11YinDetector4InitEi
  20              		.arch armv7e-m
  21              		.syntax unified
  22              		.thumb
  23              		.thumb_func
  24              		.fpu fpv5-d16
  26              	_ZN11YinDetector4InitEi:
  27              	.LVL0:
  28              	.LFB551:
  29              		.file 1 "YinDetector.cpp"
   1:YinDetector.cpp **** #include "YinDetector.h"
   2:YinDetector.cpp **** #include <math.h>
   3:YinDetector.cpp **** 
   4:YinDetector.cpp **** 
   5:YinDetector.cpp **** 
   6:YinDetector.cpp **** YinDetector::YinDetector() {}
   7:YinDetector.cpp **** 
   8:YinDetector.cpp **** YinDetector::~YinDetector() {}
   9:YinDetector.cpp **** 
  10:YinDetector.cpp **** void YinDetector::Init(int samplerate) {
  30              		.loc 1 10 40 view -0
  31              		.cfi_startproc
  32              		@ args = 0, pretend = 0, frame = 0
  33              		@ frame_needed = 0, uses_anonymous_args = 0
  34              		@ link register save eliminated.
  11:YinDetector.cpp ****     samplerate_ = samplerate;
  35              		.loc 1 11 5 view .LVU1
  12:YinDetector.cpp ****     tauMin_ = samplerate_ / 1200; //  periode for 1200 Hz
  13:YinDetector.cpp ****     tauMax_ = samplerate_ / 60; // periode for 60 Hz i samples
  36              		.loc 1 13 27 is_stmt 0 view .LVU2
  37 0000 0D4A     		ldr	r2, .L4
  12:YinDetector.cpp ****     tauMin_ = samplerate_ / 1200; //  periode for 1200 Hz
  38              		.loc 1 12 27 view .LVU3
  39 0002 4FEAE17C 		asr	ip, r1, #31
  40 0006 0D4B     		ldr	r3, .L4+4
  10:YinDetector.cpp ****     samplerate_ = samplerate;
  41              		.loc 1 10 40 view .LVU4
  42 0008 10B4     		push	{r4}
  43              		.cfi_def_cfa_offset 4
ARM GAS  C:\Users\micke\AppData\Local\Temp\ccxJD8Ul.s 			page 2


  44              		.cfi_offset 4, -4
  45              		.loc 1 13 27 view .LVU5
  46 000a 82FB0142 		smull	r4, r2, r2, r1
  12:YinDetector.cpp ****     tauMin_ = samplerate_ / 1200; //  periode for 1200 Hz
  47              		.loc 1 12 27 view .LVU6
  48 000e 83FB0143 		smull	r4, r3, r3, r1
  11:YinDetector.cpp ****     samplerate_ = samplerate;
  49              		.loc 1 11 17 view .LVU7
  50 0012 4160     		str	r1, [r0, #4]
  12:YinDetector.cpp ****     tauMin_ = samplerate_ / 1200; //  periode for 1200 Hz
  51              		.loc 1 12 5 is_stmt 1 view .LVU8
  52              		.loc 1 13 27 is_stmt 0 view .LVU9
  53 0014 1144     		add	r1, r1, r2
  54              	.LVL1:
  12:YinDetector.cpp ****     tauMin_ = samplerate_ / 1200; //  periode for 1200 Hz
  55              		.loc 1 12 27 view .LVU10
  56 0016 CCEBE313 		rsb	r3, ip, r3, asr #7
  14:YinDetector.cpp ****     threshold_ = 0.2f; // Threshold
  57              		.loc 1 14 16 view .LVU11
  58 001a 094A     		ldr	r2, .L4+8
  13:YinDetector.cpp ****     threshold_ = 0.2f; // Threshold
  59              		.loc 1 13 27 view .LVU12
  60 001c CCEB6114 		rsb	r4, ip, r1, asr #5
  61              	.LBB9:
  15:YinDetector.cpp **** 
  16:YinDetector.cpp ****     for (int i = 0; i < YIN_BUFFER_SIZE; i++) {
  17:YinDetector.cpp ****         d_[i] = 0.0f;
  62              		.loc 1 17 15 view .LVU13
  63 0020 0021     		movs	r1, #0
  64              	.LBE9:
  14:YinDetector.cpp **** 
  65              		.loc 1 14 16 view .LVU14
  66 0022 0261     		str	r2, [r0, #16]	@ float
  67              	.LBB10:
  68              		.loc 1 17 15 view .LVU15
  69 0024 4FF48042 		mov	r2, #16384
  70              	.LBE10:
  13:YinDetector.cpp ****     threshold_ = 0.2f; // Threshold
  71              		.loc 1 13 13 view .LVU16
  72 0028 C0E90243 		strd	r4, r3, [r0, #8]
  14:YinDetector.cpp **** 
  73              		.loc 1 14 5 is_stmt 1 view .LVU17
  16:YinDetector.cpp ****         d_[i] = 0.0f;
  74              		.loc 1 16 5 view .LVU18
  75              	.LVL2:
  76              	.LBB11:
  16:YinDetector.cpp ****         d_[i] = 0.0f;
  77              		.loc 1 16 23 view .LVU19
  78              		.loc 1 17 15 is_stmt 0 view .LVU20
  79 002c 1430     		adds	r0, r0, #20
  80              	.LVL3:
  81              		.loc 1 17 15 view .LVU21
  82              	.LBE11:
  18:YinDetector.cpp ****         d_norm_[i] = 0.0f; 
  19:YinDetector.cpp ****     }
  20:YinDetector.cpp **** 
  21:YinDetector.cpp **** }
ARM GAS  C:\Users\micke\AppData\Local\Temp\ccxJD8Ul.s 			page 3


  83              		.loc 1 21 1 view .LVU22
  84 002e 5DF8044B 		ldr	r4, [sp], #4
  85              		.cfi_restore 4
  86              		.cfi_def_cfa_offset 0
  87              	.LBB12:
  17:YinDetector.cpp ****         d_norm_[i] = 0.0f; 
  88              		.loc 1 17 15 view .LVU23
  89 0032 FFF7FEBF 		b	memset
  90              	.LVL4:
  91              	.L5:
  17:YinDetector.cpp ****         d_norm_[i] = 0.0f; 
  92              		.loc 1 17 15 view .LVU24
  93 0036 00BF     		.align	2
  94              	.L4:
  95 0038 89888888 		.word	-2004318071
  96 003c B5814E1B 		.word	458129845
  97 0040 CDCC4C3E 		.word	1045220557
  98              	.LBE12:
  99              		.cfi_endproc
 100              	.LFE551:
 102              		.section	.text._ZN11YinDetectorD2Ev,"ax",%progbits
 103              		.align	1
 104              		.p2align 2,,3
 105              		.global	_ZN11YinDetectorD2Ev
 106              		.syntax unified
 107              		.thumb
 108              		.thumb_func
 109              		.fpu fpv5-d16
 111              	_ZN11YinDetectorD2Ev:
 112              	.LVL5:
 113              	.LFB548:
   8:YinDetector.cpp **** 
 114              		.loc 1 8 1 is_stmt 1 view -0
 115              		.cfi_startproc
 116              		@ args = 0, pretend = 0, frame = 0
 117              		@ frame_needed = 0, uses_anonymous_args = 0
 118              	.LBB13:
   8:YinDetector.cpp **** 
 119              		.loc 1 8 27 is_stmt 0 view .LVU26
 120 0000 034B     		ldr	r3, .L8
 121              	.LBE13:
   8:YinDetector.cpp **** 
 122              		.loc 1 8 1 view .LVU27
 123 0002 10B5     		push	{r4, lr}
 124              		.cfi_def_cfa_offset 8
 125              		.cfi_offset 4, -8
 126              		.cfi_offset 14, -4
   8:YinDetector.cpp **** 
 127              		.loc 1 8 1 view .LVU28
 128 0004 0446     		mov	r4, r0
 129              	.LBB14:
   8:YinDetector.cpp **** 
 130              		.loc 1 8 27 view .LVU29
 131 0006 0360     		str	r3, [r0]
 132 0008 FFF7FEFF 		bl	_ZN9AlgorithmD2Ev
 133              	.LVL6:
   8:YinDetector.cpp **** 
ARM GAS  C:\Users\micke\AppData\Local\Temp\ccxJD8Ul.s 			page 4


 134              		.loc 1 8 27 view .LVU30
 135              	.LBE14:
   8:YinDetector.cpp **** 
 136              		.loc 1 8 30 view .LVU31
 137 000c 2046     		mov	r0, r4
 138 000e 10BD     		pop	{r4, pc}
 139              	.LVL7:
 140              	.L9:
   8:YinDetector.cpp **** 
 141              		.loc 1 8 30 view .LVU32
 142              		.align	2
 143              	.L8:
 144 0010 08000000 		.word	.LANCHOR0+8
 145              		.cfi_endproc
 146              	.LFE548:
 148              		.global	_ZN11YinDetectorD1Ev
 149              		.thumb_set _ZN11YinDetectorD1Ev,_ZN11YinDetectorD2Ev
 150              		.section	.text._ZN11YinDetectorD0Ev,"ax",%progbits
 151              		.align	1
 152              		.p2align 2,,3
 153              		.global	_ZN11YinDetectorD0Ev
 154              		.syntax unified
 155              		.thumb
 156              		.thumb_func
 157              		.fpu fpv5-d16
 159              	_ZN11YinDetectorD0Ev:
 160              	.LVL8:
 161              	.LFB550:
   8:YinDetector.cpp **** 
 162              		.loc 1 8 1 is_stmt 1 view -0
 163              		.cfi_startproc
 164              		@ args = 0, pretend = 0, frame = 0
 165              		@ frame_needed = 0, uses_anonymous_args = 0
 166              	.LBB15:
 167              	.LBB16:
   8:YinDetector.cpp **** 
 168              		.loc 1 8 27 is_stmt 0 view .LVU34
 169 0000 064B     		ldr	r3, .L12
 170              	.LBE16:
 171              	.LBE15:
   8:YinDetector.cpp **** 
 172              		.loc 1 8 1 view .LVU35
 173 0002 10B5     		push	{r4, lr}
 174              		.cfi_def_cfa_offset 8
 175              		.cfi_offset 4, -8
 176              		.cfi_offset 14, -4
   8:YinDetector.cpp **** 
 177              		.loc 1 8 1 view .LVU36
 178 0004 0446     		mov	r4, r0
 179              	.LVL9:
 180              	.LBB18:
 181              	.LBI15:
   8:YinDetector.cpp **** 
 182              		.loc 1 8 1 is_stmt 1 view .LVU37
 183              	.LBB17:
   8:YinDetector.cpp **** 
 184              		.loc 1 8 27 is_stmt 0 view .LVU38
ARM GAS  C:\Users\micke\AppData\Local\Temp\ccxJD8Ul.s 			page 5


 185 0006 0360     		str	r3, [r0]
 186 0008 FFF7FEFF 		bl	_ZN9AlgorithmD2Ev
 187              	.LVL10:
   8:YinDetector.cpp **** 
 188              		.loc 1 8 27 view .LVU39
 189              	.LBE17:
 190              	.LBE18:
   8:YinDetector.cpp **** 
 191              		.loc 1 8 30 view .LVU40
 192 000c 44F21401 		movw	r1, #16404
 193 0010 2046     		mov	r0, r4
 194 0012 FFF7FEFF 		bl	_ZdlPvj
 195              	.LVL11:
 196 0016 2046     		mov	r0, r4
 197 0018 10BD     		pop	{r4, pc}
 198              	.LVL12:
 199              	.L13:
   8:YinDetector.cpp **** 
 200              		.loc 1 8 30 view .LVU41
 201 001a 00BF     		.align	2
 202              	.L12:
 203 001c 08000000 		.word	.LANCHOR0+8
 204              		.cfi_endproc
 205              	.LFE550:
 207              		.section	.text._ZN11YinDetectorC2Ev,"ax",%progbits
 208              		.align	1
 209              		.p2align 2,,3
 210              		.global	_ZN11YinDetectorC2Ev
 211              		.syntax unified
 212              		.thumb
 213              		.thumb_func
 214              		.fpu fpv5-d16
 216              	_ZN11YinDetectorC2Ev:
 217              	.LVL13:
 218              	.LFB545:
   6:YinDetector.cpp **** 
 219              		.loc 1 6 1 is_stmt 1 view -0
 220              		.cfi_startproc
 221              		@ args = 0, pretend = 0, frame = 0
 222              		@ frame_needed = 0, uses_anonymous_args = 0
   6:YinDetector.cpp **** 
 223              		.loc 1 6 1 is_stmt 0 view .LVU43
 224 0000 10B5     		push	{r4, lr}
 225              		.cfi_def_cfa_offset 8
 226              		.cfi_offset 4, -8
 227              		.cfi_offset 14, -4
   6:YinDetector.cpp **** 
 228              		.loc 1 6 1 view .LVU44
 229 0002 0446     		mov	r4, r0
 230              	.LBB19:
   6:YinDetector.cpp **** 
 231              		.loc 1 6 26 view .LVU45
 232 0004 FFF7FEFF 		bl	_ZN9AlgorithmC2Ev
 233              	.LVL14:
   6:YinDetector.cpp **** 
 234              		.loc 1 6 26 view .LVU46
 235 0008 014B     		ldr	r3, .L16
ARM GAS  C:\Users\micke\AppData\Local\Temp\ccxJD8Ul.s 			page 6


 236              	.LBE19:
   6:YinDetector.cpp **** 
 237              		.loc 1 6 29 view .LVU47
 238 000a 2046     		mov	r0, r4
 239              	.LBB20:
   6:YinDetector.cpp **** 
 240              		.loc 1 6 26 view .LVU48
 241 000c 2360     		str	r3, [r4]
 242              	.LBE20:
   6:YinDetector.cpp **** 
 243              		.loc 1 6 29 view .LVU49
 244 000e 10BD     		pop	{r4, pc}
 245              	.LVL15:
 246              	.L17:
   6:YinDetector.cpp **** 
 247              		.loc 1 6 29 view .LVU50
 248              		.align	2
 249              	.L16:
 250 0010 08000000 		.word	.LANCHOR0+8
 251              		.cfi_endproc
 252              	.LFE545:
 254              		.global	_ZN11YinDetectorC1Ev
 255              		.thumb_set _ZN11YinDetectorC1Ev,_ZN11YinDetectorC2Ev
 256              		.section	.text._ZN11YinDetector17computeDifferenceEPKfi,"ax",%progbits
 257              		.align	1
 258              		.p2align 2,,3
 259              		.global	_ZN11YinDetector17computeDifferenceEPKfi
 260              		.syntax unified
 261              		.thumb
 262              		.thumb_func
 263              		.fpu fpv5-d16
 265              	_ZN11YinDetector17computeDifferenceEPKfi:
 266              	.LVL16:
 267              	.LFB552:
  22:YinDetector.cpp **** 
  23:YinDetector.cpp **** void YinDetector::computeDifference(const float *buffer, int bufferSize) {
 268              		.loc 1 23 74 is_stmt 1 view -0
 269              		.cfi_startproc
 270              		@ args = 0, pretend = 0, frame = 0
 271              		@ frame_needed = 0, uses_anonymous_args = 0
  24:YinDetector.cpp ****     for (int tau = 0; tau < tauMax_; tau++) {
 272              		.loc 1 24 5 view .LVU52
 273              	.LBB21:
 274              		.loc 1 24 27 view .LVU53
 275              	.LBE21:
  23:YinDetector.cpp ****     for (int tau = 0; tau < tauMax_; tau++) {
 276              		.loc 1 23 74 is_stmt 0 view .LVU54
 277 0000 70B5     		push	{r4, r5, r6, lr}
 278              		.cfi_def_cfa_offset 16
 279              		.cfi_offset 4, -16
 280              		.cfi_offset 5, -12
 281              		.cfi_offset 6, -8
 282              		.cfi_offset 14, -4
 283              	.LBB30:
 284              		.loc 1 24 29 view .LVU55
 285 0002 8568     		ldr	r5, [r0, #8]
 286              		.loc 1 24 27 view .LVU56
ARM GAS  C:\Users\micke\AppData\Local\Temp\ccxJD8Ul.s 			page 7


 287 0004 002D     		cmp	r5, #0
 288 0006 23DD     		ble	.L18
 289 0008 01EB4206 		add	r6, r1, r2, lsl #1
 290 000c 00F11404 		add	r4, r0, #20
 291 0010 01EB820C 		add	ip, r1, r2, lsl #2
 292              		.loc 1 24 14 view .LVU57
 293 0014 4FF0000E 		mov	lr, #0
 294 0018 7600     		lsls	r6, r6, #1
 295              	.LVL17:
 296              	.L22:
 297              	.LBB22:
 298              	.LBB23:
  25:YinDetector.cpp ****         float sum = 0.0f;
  26:YinDetector.cpp ****         for (int i = 0; i < bufferSize - tau; i++) {
 299              		.loc 1 26 27 is_stmt 1 view .LVU58
 300 001a A2EB0E03 		sub	r3, r2, lr
 301 001e 002B     		cmp	r3, #0
 302 0020 17DD     		ble	.L23
 303 0022 A6EB0C00 		sub	r0, r6, ip
 304 0026 0B46     		mov	r3, r1
 305              	.LBE23:
  25:YinDetector.cpp ****         float sum = 0.0f;
 306              		.loc 1 25 15 is_stmt 0 view .LVU59
 307 0028 9FED0F7A 		vldr.32	s14, .L27
 308              	.LVL18:
 309              	.L21:
 310              	.LBB26:
 311              	.LBB24:
  27:YinDetector.cpp ****             float diff = buffer[i] - buffer[i + tau];
 312              		.loc 1 27 13 is_stmt 1 discriminator 2 view .LVU60
 313              		.loc 1 27 34 is_stmt 0 discriminator 2 view .LVU61
 314 002c F3EC017A 		vldmia.32	r3!, {s15}
 315              		.loc 1 27 52 discriminator 2 view .LVU62
 316 0030 F0EC016A 		vldmia.32	r0!, {s13}
 317              	.LBE24:
  26:YinDetector.cpp ****             float diff = buffer[i] - buffer[i + tau];
 318              		.loc 1 26 27 discriminator 2 view .LVU63
 319 0034 6345     		cmp	r3, ip
 320              	.LBB25:
 321              		.loc 1 27 19 discriminator 2 view .LVU64
 322 0036 77EEE67A 		vsub.f32	s15, s15, s13
 323              	.LVL19:
  28:YinDetector.cpp ****             sum += diff * diff;
 324              		.loc 1 28 13 is_stmt 1 discriminator 2 view .LVU65
 325              		.loc 1 28 17 is_stmt 0 discriminator 2 view .LVU66
 326 003a A7EEA77A 		vfma.f32	s14, s15, s15
 327              	.LVL20:
 328              		.loc 1 28 17 discriminator 2 view .LVU67
 329              	.LBE25:
  26:YinDetector.cpp ****             float diff = buffer[i] - buffer[i + tau];
 330              		.loc 1 26 9 is_stmt 1 discriminator 2 view .LVU68
  26:YinDetector.cpp ****             float diff = buffer[i] - buffer[i + tau];
 331              		.loc 1 26 27 discriminator 2 view .LVU69
 332 003e F5D1     		bne	.L21
 333              	.LBE26:
  29:YinDetector.cpp ****         }
  30:YinDetector.cpp ****         d_[tau] = sum;
ARM GAS  C:\Users\micke\AppData\Local\Temp\ccxJD8Ul.s 			page 8


 334              		.loc 1 30 9 discriminator 2 view .LVU70
 335              	.LBE22:
  24:YinDetector.cpp ****         float sum = 0.0f;
 336              		.loc 1 24 5 is_stmt 0 discriminator 2 view .LVU71
 337 0040 0EF1010E 		add	lr, lr, #1
 338              	.LVL21:
  24:YinDetector.cpp ****         float sum = 0.0f;
 339              		.loc 1 24 27 discriminator 2 view .LVU72
 340 0044 ACF1040C 		sub	ip, ip, #4
 341              	.LBB27:
 342              		.loc 1 30 17 discriminator 2 view .LVU73
 343 0048 A4EC017A 		vstmia.32	r4!, {s14}
 344              	.LBE27:
  24:YinDetector.cpp ****         float sum = 0.0f;
 345              		.loc 1 24 5 is_stmt 1 discriminator 2 view .LVU74
 346              	.LVL22:
  24:YinDetector.cpp ****         float sum = 0.0f;
 347              		.loc 1 24 27 discriminator 2 view .LVU75
 348 004c AE45     		cmp	lr, r5
 349 004e E4D1     		bne	.L22
 350              	.LVL23:
 351              	.L18:
  24:YinDetector.cpp ****         float sum = 0.0f;
 352              		.loc 1 24 27 is_stmt 0 discriminator 2 view .LVU76
 353              	.LBE30:
  31:YinDetector.cpp ****     }
  32:YinDetector.cpp **** }
 354              		.loc 1 32 1 view .LVU77
 355 0050 70BD     		pop	{r4, r5, r6, pc}
 356              	.LVL24:
 357              	.L23:
 358              	.LBB31:
  24:YinDetector.cpp ****         float sum = 0.0f;
 359              		.loc 1 24 5 view .LVU78
 360 0052 0EF1010E 		add	lr, lr, #1
 361              	.LVL25:
 362              	.LBB28:
  25:YinDetector.cpp ****         for (int i = 0; i < bufferSize - tau; i++) {
 363              		.loc 1 25 15 view .LVU79
 364 0056 9FED047A 		vldr.32	s14, .L27
  30:YinDetector.cpp ****     }
 365              		.loc 1 30 9 is_stmt 1 view .LVU80
 366              	.LBE28:
  24:YinDetector.cpp ****         float sum = 0.0f;
 367              		.loc 1 24 27 is_stmt 0 view .LVU81
 368 005a ACF1040C 		sub	ip, ip, #4
 369 005e AE45     		cmp	lr, r5
 370              	.LBB29:
  30:YinDetector.cpp ****     }
 371              		.loc 1 30 17 view .LVU82
 372 0060 A4EC017A 		vstmia.32	r4!, {s14}
 373              	.LBE29:
  24:YinDetector.cpp ****         float sum = 0.0f;
 374              		.loc 1 24 5 is_stmt 1 view .LVU83
 375              	.LVL26:
  24:YinDetector.cpp ****         float sum = 0.0f;
 376              		.loc 1 24 27 view .LVU84
ARM GAS  C:\Users\micke\AppData\Local\Temp\ccxJD8Ul.s 			page 9


 377 0064 D9D1     		bne	.L22
 378 0066 F3E7     		b	.L18
 379              	.L28:
 380              		.align	2
 381              	.L27:
 382 0068 00000000 		.word	0
 383              	.LBE31:
 384              		.cfi_endproc
 385              	.LFE552:
 387              		.section	.text._ZN11YinDetector12computeCMNDFEv,"ax",%progbits
 388              		.align	1
 389              		.p2align 2,,3
 390              		.global	_ZN11YinDetector12computeCMNDFEv
 391              		.syntax unified
 392              		.thumb
 393              		.thumb_func
 394              		.fpu fpv5-d16
 396              	_ZN11YinDetector12computeCMNDFEv:
 397              	.LVL27:
 398              	.LFB553:
  33:YinDetector.cpp **** 
  34:YinDetector.cpp **** void YinDetector::computeCMNDF() {
 399              		.loc 1 34 34 view -0
 400              		.cfi_startproc
 401              		@ args = 0, pretend = 0, frame = 0
 402              		@ frame_needed = 0, uses_anonymous_args = 0
 403              		@ link register save eliminated.
  35:YinDetector.cpp ****     d_norm_[0] = 1.0f;
 404              		.loc 1 35 5 view .LVU86
  34:YinDetector.cpp ****     d_norm_[0] = 1.0f;
 405              		.loc 1 34 34 is_stmt 0 view .LVU87
 406 0000 10B4     		push	{r4}
 407              		.cfi_def_cfa_offset 4
 408              		.cfi_offset 4, -4
 409              	.LBB33:
  36:YinDetector.cpp ****     float cumsum = 0.0f;
  37:YinDetector.cpp ****     for (int tau = 1; tau < tauMax_; tau++) {
 410              		.loc 1 37 29 view .LVU88
 411 0002 8468     		ldr	r4, [r0, #8]
 412              	.LBE33:
  35:YinDetector.cpp ****     float cumsum = 0.0f;
 413              		.loc 1 35 16 view .LVU89
 414 0004 4FF07E52 		mov	r2, #1065353216
 415 0008 00F50053 		add	r3, r0, #8192
 416              	.LBB34:
 417              		.loc 1 37 27 view .LVU90
 418 000c 012C     		cmp	r4, #1
 419              	.LBE34:
  35:YinDetector.cpp ****     float cumsum = 0.0f;
 420              		.loc 1 35 16 view .LVU91
 421 000e 5A61     		str	r2, [r3, #20]	@ float
  36:YinDetector.cpp ****     float cumsum = 0.0f;
 422              		.loc 1 36 5 is_stmt 1 view .LVU92
 423              	.LVL28:
 424              		.loc 1 37 5 view .LVU93
 425              	.LBB35:
 426              		.loc 1 37 27 view .LVU94
ARM GAS  C:\Users\micke\AppData\Local\Temp\ccxJD8Ul.s 			page 10


 427 0010 24DD     		ble	.L29
 428 0012 00F11402 		add	r2, r0, #20
 429 0016 42F21801 		movw	r1, #8216
 430 001a 00F11803 		add	r3, r0, #24
 431              	.LBE35:
  36:YinDetector.cpp ****     float cumsum = 0.0f;
 432              		.loc 1 36 11 is_stmt 0 view .LVU95
 433 001e DFED117A 		vldr.32	s15, .L39
 434 0022 0144     		add	r1, r1, r0
 435 0024 02EB8400 		add	r0, r2, r4, lsl #2
 436              	.LVL29:
 437              	.LBB36:
 438              		.loc 1 37 14 view .LVU96
 439 0028 0122     		movs	r2, #1
 440              	.LVL30:
 441              	.L33:
  38:YinDetector.cpp ****         cumsum += d_[tau];
 442              		.loc 1 38 9 is_stmt 1 view .LVU97
 443              		.loc 1 38 25 is_stmt 0 view .LVU98
 444 002a F3EC016A 		vldmia.32	r3!, {s13}
  39:YinDetector.cpp ****         d_norm_[tau] = (cumsum > 0.0f) ? d_[tau] / (cumsum / tau) : 0.0f;
 445              		.loc 1 39 40 view .LVU99
 446 002e 9FED0D7A 		vldr.32	s14, .L39
  38:YinDetector.cpp ****         cumsum += d_[tau];
 447              		.loc 1 38 16 view .LVU100
 448 0032 77EEA67A 		vadd.f32	s15, s15, s13
 449              	.LVL31:
 450              		.loc 1 39 9 is_stmt 1 view .LVU101
 451              		.loc 1 39 40 is_stmt 0 view .LVU102
 452 0036 F4EEC77A 		vcmpe.f32	s15, s14
 453 003a F1EE10FA 		vmrs	APSR_nzcv, FPSCR
 454 003e 07DD     		ble	.L31
 455              		.loc 1 39 60 discriminator 1 view .LVU103
 456 0040 07EE102A 		vmov	s14, r2	@ int
 457 0044 B8EEC77A 		vcvt.f32.s32	s14, s14
 458 0048 87EE876A 		vdiv.f32	s12, s15, s14
 459              		.loc 1 39 40 discriminator 1 view .LVU104
 460 004c 86EE867A 		vdiv.f32	s14, s13, s12
 461              	.L31:
  37:YinDetector.cpp ****         cumsum += d_[tau];
 462              		.loc 1 37 27 discriminator 4 view .LVU105
 463 0050 8342     		cmp	r3, r0
  37:YinDetector.cpp ****         cumsum += d_[tau];
 464              		.loc 1 37 5 discriminator 4 view .LVU106
 465 0052 02F10102 		add	r2, r2, #1
 466              	.LVL32:
 467              		.loc 1 39 22 discriminator 4 view .LVU107
 468 0056 A1EC017A 		vstmia.32	r1!, {s14}
  37:YinDetector.cpp ****         cumsum += d_[tau];
 469              		.loc 1 37 5 is_stmt 1 discriminator 4 view .LVU108
 470              	.LVL33:
  37:YinDetector.cpp ****         cumsum += d_[tau];
 471              		.loc 1 37 27 discriminator 4 view .LVU109
 472 005a E6D1     		bne	.L33
 473              	.LVL34:
 474              	.L29:
  37:YinDetector.cpp ****         cumsum += d_[tau];
ARM GAS  C:\Users\micke\AppData\Local\Temp\ccxJD8Ul.s 			page 11


 475              		.loc 1 37 27 is_stmt 0 discriminator 4 view .LVU110
 476              	.LBE36:
  40:YinDetector.cpp ****     }
  41:YinDetector.cpp **** }
 477              		.loc 1 41 1 view .LVU111
 478 005c 5DF8044B 		ldr	r4, [sp], #4
 479              		.cfi_restore 4
 480              		.cfi_def_cfa_offset 0
 481 0060 7047     		bx	lr
 482              	.L40:
 483 0062 00BF     		.align	2
 484              	.L39:
 485 0064 00000000 		.word	0
 486              		.cfi_endproc
 487              	.LFE553:
 489              		.section	.text._ZN11YinDetector7findTauEv,"ax",%progbits
 490              		.align	1
 491              		.p2align 2,,3
 492              		.global	_ZN11YinDetector7findTauEv
 493              		.syntax unified
 494              		.thumb
 495              		.thumb_func
 496              		.fpu fpv5-d16
 498              	_ZN11YinDetector7findTauEv:
 499              	.LVL35:
 500              	.LFB554:
  42:YinDetector.cpp **** 
  43:YinDetector.cpp **** int YinDetector::findTau()
  44:YinDetector.cpp **** {
 501              		.loc 1 44 1 is_stmt 1 view -0
 502              		.cfi_startproc
 503              		@ args = 0, pretend = 0, frame = 0
 504              		@ frame_needed = 0, uses_anonymous_args = 0
 505              		@ link register save eliminated.
  45:YinDetector.cpp ****     int tau = tauMin_ + 1; // starter ved tauMin + 1 så vi kan tjekke tau-1
 506              		.loc 1 45 5 view .LVU113
  44:YinDetector.cpp ****     int tau = tauMin_ + 1; // starter ved tauMin + 1 så vi kan tjekke tau-1
 507              		.loc 1 44 1 is_stmt 0 view .LVU114
 508 0000 10B4     		push	{r4}
 509              		.cfi_def_cfa_offset 4
 510              		.cfi_offset 4, -4
  46:YinDetector.cpp **** 
  47:YinDetector.cpp ****     while (tau < tauMax_ - 1) {
 511              		.loc 1 47 18 view .LVU115
 512 0002 D0E90242 		ldrd	r4, r2, [r0, #8]
  45:YinDetector.cpp **** 
 513              		.loc 1 45 9 view .LVU116
 514 0006 531C     		adds	r3, r2, #1
 515              	.LVL36:
 516              		.loc 1 47 5 is_stmt 1 view .LVU117
 517              		.loc 1 47 16 view .LVU118
 518              		.loc 1 47 26 is_stmt 0 view .LVU119
 519 0008 04F1FF3C 		add	ip, r4, #-1
 520              		.loc 1 47 16 view .LVU120
 521 000c 9C45     		cmp	ip, r3
 522 000e 18DD     		ble	.L49
 523 0010 02F60502 		addw	r2, r2, #2053
ARM GAS  C:\Users\micke\AppData\Local\Temp\ccxJD8Ul.s 			page 12


 524 0014 00EB8202 		add	r2, r0, r2, lsl #2
 525              	.L46:
 526              	.LBB37:
  48:YinDetector.cpp ****         bool isDip = d_norm_[tau] < d_norm_[tau - 1] &&
 527              		.loc 1 48 9 is_stmt 1 view .LVU121
 528              	.LVL37:
  49:YinDetector.cpp ****                      d_norm_[tau] < threshold_;
  50:YinDetector.cpp **** 
  51:YinDetector.cpp ****         if (isDip) {
 529              		.loc 1 51 9 view .LVU122
  52:YinDetector.cpp ****             // følg ned til lokalt minimum
  53:YinDetector.cpp ****             while (tau + 1 < tauMax_ && d_norm_[tau + 1] < d_norm_[tau]) {
  54:YinDetector.cpp ****                 tau++;
  55:YinDetector.cpp ****             }
  56:YinDetector.cpp ****             return tau;
  57:YinDetector.cpp ****         }
  58:YinDetector.cpp ****         tau++;
 530              		.loc 1 58 9 view .LVU123
 531 0018 1146     		mov	r1, r2
  48:YinDetector.cpp ****                      d_norm_[tau] < threshold_;
 532              		.loc 1 48 33 is_stmt 0 view .LVU124
 533 001a 0432     		adds	r2, r2, #4
  48:YinDetector.cpp ****                      d_norm_[tau] < threshold_;
 534              		.loc 1 48 54 view .LVU125
 535 001c 91ED007A 		vldr.32	s14, [r1]
  48:YinDetector.cpp ****                      d_norm_[tau] < threshold_;
 536              		.loc 1 48 33 view .LVU126
 537 0020 D2ED007A 		vldr.32	s15, [r2]
  48:YinDetector.cpp ****                      d_norm_[tau] < threshold_;
 538              		.loc 1 48 54 view .LVU127
 539 0024 F4EEC77A 		vcmpe.f32	s15, s14
 540 0028 F1EE10FA 		vmrs	APSR_nzcv, FPSCR
 541 002c 06D5     		bpl	.L43
  48:YinDetector.cpp ****                      d_norm_[tau] < threshold_;
 542              		.loc 1 48 54 discriminator 1 view .LVU128
 543 002e 90ED047A 		vldr.32	s14, [r0, #16]
 544 0032 F4EEC77A 		vcmpe.f32	s15, s14
 545 0036 F1EE10FA 		vmrs	APSR_nzcv, FPSCR
 546 003a 07D4     		bmi	.L45
 547              	.L43:
 548              		.loc 1 58 12 view .LVU129
 549 003c 0133     		adds	r3, r3, #1
 550              	.LVL38:
 551              		.loc 1 58 12 view .LVU130
 552              	.LBE37:
  47:YinDetector.cpp ****         bool isDip = d_norm_[tau] < d_norm_[tau - 1] &&
 553              		.loc 1 47 5 is_stmt 1 view .LVU131
  47:YinDetector.cpp ****         bool isDip = d_norm_[tau] < d_norm_[tau - 1] &&
 554              		.loc 1 47 16 view .LVU132
 555 003e 9C45     		cmp	ip, r3
 556 0040 EAD1     		bne	.L46
 557              	.LVL39:
 558              	.L49:
  59:YinDetector.cpp ****     }
  60:YinDetector.cpp ****     return -1; // ingen pitch fundet
 559              		.loc 1 60 13 is_stmt 0 view .LVU133
 560 0042 4FF0FF30 		mov	r0, #-1
ARM GAS  C:\Users\micke\AppData\Local\Temp\ccxJD8Ul.s 			page 13


 561              	.LVL40:
 562              	.L41:
  61:YinDetector.cpp **** }
 563              		.loc 1 61 1 view .LVU134
 564 0046 5DF8044B 		ldr	r4, [sp], #4
 565              		.cfi_remember_state
 566              		.cfi_restore 4
 567              		.cfi_def_cfa_offset 0
 568 004a 7047     		bx	lr
 569              	.LVL41:
 570              	.L45:
 571              		.cfi_restore_state
 572              		.loc 1 61 1 view .LVU135
 573 004c 03F60502 		addw	r2, r3, #2053
 574 0050 00EB8202 		add	r2, r0, r2, lsl #2
 575 0054 08E0     		b	.L47
 576              	.LVL42:
 577              	.L56:
 578              	.LBB38:
  53:YinDetector.cpp ****                 tau++;
 579              		.loc 1 53 38 discriminator 1 view .LVU136
 580 0056 91ED017A 		vldr.32	s14, [r1, #4]
 581 005a D1ED007A 		vldr.32	s15, [r1]
 582 005e B4EEE77A 		vcmpe.f32	s14, s15
 583 0062 F1EE10FA 		vmrs	APSR_nzcv, FPSCR
 584 0066 EED5     		bpl	.L41
 585              	.LVL43:
 586              	.L47:
  53:YinDetector.cpp ****                 tau++;
 587              		.loc 1 53 13 is_stmt 1 view .LVU137
  53:YinDetector.cpp ****                 tau++;
 588              		.loc 1 53 38 view .LVU138
 589 0068 1846     		mov	r0, r3
  53:YinDetector.cpp ****                 tau++;
 590              		.loc 1 53 24 is_stmt 0 view .LVU139
 591 006a 0133     		adds	r3, r3, #1
 592              	.LVL44:
  53:YinDetector.cpp ****                 tau++;
 593              		.loc 1 53 24 view .LVU140
 594 006c 1146     		mov	r1, r2
 595 006e 0432     		adds	r2, r2, #4
  53:YinDetector.cpp ****                 tau++;
 596              		.loc 1 53 38 view .LVU141
 597 0070 A342     		cmp	r3, r4
 598 0072 F0DB     		blt	.L56
 599              	.LBE38:
 600              		.loc 1 61 1 view .LVU142
 601 0074 5DF8044B 		ldr	r4, [sp], #4
 602              		.cfi_restore 4
 603              		.cfi_def_cfa_offset 0
 604 0078 7047     		bx	lr
 605              		.cfi_endproc
 606              	.LFE554:
 608 007a 00BF     		.section	.text._ZN11YinDetector22parabolicInterpolationEi,"ax",%progbits
 609              		.align	1
 610              		.p2align 2,,3
 611              		.global	_ZN11YinDetector22parabolicInterpolationEi
ARM GAS  C:\Users\micke\AppData\Local\Temp\ccxJD8Ul.s 			page 14


 612              		.syntax unified
 613              		.thumb
 614              		.thumb_func
 615              		.fpu fpv5-d16
 617              	_ZN11YinDetector22parabolicInterpolationEi:
 618              	.LVL45:
 619              	.LFB555:
  62:YinDetector.cpp **** 
  63:YinDetector.cpp ****  float YinDetector::parabolicInterpolation(int tau){
 620              		.loc 1 63 52 is_stmt 1 view -0
 621              		.cfi_startproc
 622              		@ args = 0, pretend = 0, frame = 0
 623              		@ frame_needed = 0, uses_anonymous_args = 0
 624              		@ link register save eliminated.
  64:YinDetector.cpp ****         if (tau <= 1 || tau >= tauMax_ - 1) {
 625              		.loc 1 64 9 view .LVU144
 626 0000 0129     		cmp	r1, #1
 627 0002 2DDD     		ble	.L58
 628              		.loc 1 64 40 is_stmt 0 discriminator 1 view .LVU145
 629 0004 8368     		ldr	r3, [r0, #8]
 630 0006 013B     		subs	r3, r3, #1
 631              		.loc 1 64 22 discriminator 1 view .LVU146
 632 0008 8B42     		cmp	r3, r1
 633 000a 29DD     		ble	.L58
 634              	.LVL46:
 635              	.LBB43:
 636              	.LBI43:
  63:YinDetector.cpp ****         if (tau <= 1 || tau >= tauMax_ - 1) {
 637              		.loc 1 63 8 is_stmt 1 view .LVU147
 638              	.LBB44:
  65:YinDetector.cpp ****             return float(tau); // No interpolation possible
  66:YinDetector.cpp ****         }
  67:YinDetector.cpp ****         float a = d_norm_[tau - 1];
 639              		.loc 1 67 9 view .LVU148
 640 000c 00EB8100 		add	r0, r0, r1, lsl #2
 641              	.LVL47:
  68:YinDetector.cpp ****         float b = d_norm_[tau];
  69:YinDetector.cpp ****         float c = d_norm_[tau + 1];
  70:YinDetector.cpp ****         float denom = 2.0f * b - a - c;
 642              		.loc 1 70 32 is_stmt 0 view .LVU149
 643 0010 F0EE005A 		vmov.f32	s11, #2.0e+0
  71:YinDetector.cpp **** 
  72:YinDetector.cpp ****         if (fabs(denom) < 1e-6f) {
 644              		.loc 1 72 9 view .LVU150
 645 0014 9FED156A 		vldr.32	s12, .L61
  67:YinDetector.cpp ****         float b = d_norm_[tau];
 646              		.loc 1 67 15 view .LVU151
 647 0018 00F50050 		add	r0, r0, #8192
 648 001c D0ED047A 		vldr.32	s15, [r0, #16]
 649              	.LVL48:
  68:YinDetector.cpp ****         float b = d_norm_[tau];
 650              		.loc 1 68 9 is_stmt 1 view .LVU152
  69:YinDetector.cpp ****         float denom = 2.0f * b - a - c;
 651              		.loc 1 69 9 view .LVU153
  70:YinDetector.cpp **** 
 652              		.loc 1 70 32 is_stmt 0 view .LVU154
 653 0020 90ED055A 		vldr.32	s10, [r0, #20]
ARM GAS  C:\Users\micke\AppData\Local\Temp\ccxJD8Ul.s 			page 15


 654 0024 B0EE677A 		vmov.f32	s14, s15
  69:YinDetector.cpp ****         float denom = 2.0f * b - a - c;
 655              		.loc 1 69 15 view .LVU155
 656 0028 D0ED066A 		vldr.32	s13, [r0, #24]
 657              	.LVL49:
  70:YinDetector.cpp **** 
 658              		.loc 1 70 9 is_stmt 1 view .LVU156
  70:YinDetector.cpp **** 
 659              		.loc 1 70 32 is_stmt 0 view .LVU157
 660 002c 95EE257A 		vfnms.f32	s14, s10, s11
  70:YinDetector.cpp **** 
 661              		.loc 1 70 15 view .LVU158
 662 0030 37EE667A 		vsub.f32	s14, s14, s13
 663              	.LVL50:
 664              		.loc 1 72 9 is_stmt 1 view .LVU159
 665              	.LBB45:
 666              	.LBI45:
 667              		.file 2 "c:\\program files\\daisytoolchain\\arm-none-eabi\\include\\c++\\10.2.1\\cmath"
   1:c:\program files\daisytoolchain\arm-none-eabi\include\c++\10.2.1\cmath **** // -*- C++ -*- C forwarding header.
   2:c:\program files\daisytoolchain\arm-none-eabi\include\c++\10.2.1\cmath **** 
   3:c:\program files\daisytoolchain\arm-none-eabi\include\c++\10.2.1\cmath **** // Copyright (C) 1997-2020 Free Software Foundation, Inc.
   4:c:\program files\daisytoolchain\arm-none-eabi\include\c++\10.2.1\cmath **** //
   5:c:\program files\daisytoolchain\arm-none-eabi\include\c++\10.2.1\cmath **** // This file is part of the GNU ISO C++ Library.  This library is free
   6:c:\program files\daisytoolchain\arm-none-eabi\include\c++\10.2.1\cmath **** // software; you can redistribute it and/or modify it under the
   7:c:\program files\daisytoolchain\arm-none-eabi\include\c++\10.2.1\cmath **** // terms of the GNU General Public License as published by the
   8:c:\program files\daisytoolchain\arm-none-eabi\include\c++\10.2.1\cmath **** // Free Software Foundation; either version 3, or (at your option)
   9:c:\program files\daisytoolchain\arm-none-eabi\include\c++\10.2.1\cmath **** // any later version.
  10:c:\program files\daisytoolchain\arm-none-eabi\include\c++\10.2.1\cmath **** 
  11:c:\program files\daisytoolchain\arm-none-eabi\include\c++\10.2.1\cmath **** // This library is distributed in the hope that it will be useful,
  12:c:\program files\daisytoolchain\arm-none-eabi\include\c++\10.2.1\cmath **** // but WITHOUT ANY WARRANTY; without even the implied warranty of
  13:c:\program files\daisytoolchain\arm-none-eabi\include\c++\10.2.1\cmath **** // MERCHANTABILITY or FITNESS FOR A PARTICULAR PURPOSE.  See the
  14:c:\program files\daisytoolchain\arm-none-eabi\include\c++\10.2.1\cmath **** // GNU General Public License for more details.
  15:c:\program files\daisytoolchain\arm-none-eabi\include\c++\10.2.1\cmath **** 
  16:c:\program files\daisytoolchain\arm-none-eabi\include\c++\10.2.1\cmath **** // Under Section 7 of GPL version 3, you are granted additional
  17:c:\program files\daisytoolchain\arm-none-eabi\include\c++\10.2.1\cmath **** // permissions described in the GCC Runtime Library Exception, version
  18:c:\program files\daisytoolchain\arm-none-eabi\include\c++\10.2.1\cmath **** // 3.1, as published by the Free Software Foundation.
  19:c:\program files\daisytoolchain\arm-none-eabi\include\c++\10.2.1\cmath **** 
  20:c:\program files\daisytoolchain\arm-none-eabi\include\c++\10.2.1\cmath **** // You should have received a copy of the GNU General Public License and
  21:c:\program files\daisytoolchain\arm-none-eabi\include\c++\10.2.1\cmath **** // a copy of the GCC Runtime Library Exception along with this program;
  22:c:\program files\daisytoolchain\arm-none-eabi\include\c++\10.2.1\cmath **** // see the files COPYING3 and COPYING.RUNTIME respectively.  If not, see
  23:c:\program files\daisytoolchain\arm-none-eabi\include\c++\10.2.1\cmath **** // <http://www.gnu.org/licenses/>.
  24:c:\program files\daisytoolchain\arm-none-eabi\include\c++\10.2.1\cmath **** 
  25:c:\program files\daisytoolchain\arm-none-eabi\include\c++\10.2.1\cmath **** /** @file include/cmath
  26:c:\program files\daisytoolchain\arm-none-eabi\include\c++\10.2.1\cmath ****  *  This is a Standard C++ Library file.  You should @c \#include this file
  27:c:\program files\daisytoolchain\arm-none-eabi\include\c++\10.2.1\cmath ****  *  in your programs, rather than any of the @a *.h implementation files.
  28:c:\program files\daisytoolchain\arm-none-eabi\include\c++\10.2.1\cmath ****  *
  29:c:\program files\daisytoolchain\arm-none-eabi\include\c++\10.2.1\cmath ****  *  This is the C++ version of the Standard C Library header @c math.h,
  30:c:\program files\daisytoolchain\arm-none-eabi\include\c++\10.2.1\cmath ****  *  and its contents are (mostly) the same as that header, but are all
  31:c:\program files\daisytoolchain\arm-none-eabi\include\c++\10.2.1\cmath ****  *  contained in the namespace @c std (except for names which are defined
  32:c:\program files\daisytoolchain\arm-none-eabi\include\c++\10.2.1\cmath ****  *  as macros in C).
  33:c:\program files\daisytoolchain\arm-none-eabi\include\c++\10.2.1\cmath ****  */
  34:c:\program files\daisytoolchain\arm-none-eabi\include\c++\10.2.1\cmath **** 
  35:c:\program files\daisytoolchain\arm-none-eabi\include\c++\10.2.1\cmath **** //
  36:c:\program files\daisytoolchain\arm-none-eabi\include\c++\10.2.1\cmath **** // ISO C++ 14882: 26.5  C library
  37:c:\program files\daisytoolchain\arm-none-eabi\include\c++\10.2.1\cmath **** //
  38:c:\program files\daisytoolchain\arm-none-eabi\include\c++\10.2.1\cmath **** 
  39:c:\program files\daisytoolchain\arm-none-eabi\include\c++\10.2.1\cmath **** #pragma GCC system_header
ARM GAS  C:\Users\micke\AppData\Local\Temp\ccxJD8Ul.s 			page 16


  40:c:\program files\daisytoolchain\arm-none-eabi\include\c++\10.2.1\cmath **** 
  41:c:\program files\daisytoolchain\arm-none-eabi\include\c++\10.2.1\cmath **** #include <bits/c++config.h>
  42:c:\program files\daisytoolchain\arm-none-eabi\include\c++\10.2.1\cmath **** #include <bits/cpp_type_traits.h>
  43:c:\program files\daisytoolchain\arm-none-eabi\include\c++\10.2.1\cmath **** #include <ext/type_traits.h>
  44:c:\program files\daisytoolchain\arm-none-eabi\include\c++\10.2.1\cmath **** #define _GLIBCXX_INCLUDE_NEXT_C_HEADERS
  45:c:\program files\daisytoolchain\arm-none-eabi\include\c++\10.2.1\cmath **** #include_next <math.h>
  46:c:\program files\daisytoolchain\arm-none-eabi\include\c++\10.2.1\cmath **** #undef _GLIBCXX_INCLUDE_NEXT_C_HEADERS
  47:c:\program files\daisytoolchain\arm-none-eabi\include\c++\10.2.1\cmath **** #include <bits/std_abs.h>
  48:c:\program files\daisytoolchain\arm-none-eabi\include\c++\10.2.1\cmath **** 
  49:c:\program files\daisytoolchain\arm-none-eabi\include\c++\10.2.1\cmath **** #ifndef _GLIBCXX_CMATH
  50:c:\program files\daisytoolchain\arm-none-eabi\include\c++\10.2.1\cmath **** #define _GLIBCXX_CMATH 1
  51:c:\program files\daisytoolchain\arm-none-eabi\include\c++\10.2.1\cmath **** 
  52:c:\program files\daisytoolchain\arm-none-eabi\include\c++\10.2.1\cmath **** // Get rid of those macros defined in <math.h> in lieu of real functions.
  53:c:\program files\daisytoolchain\arm-none-eabi\include\c++\10.2.1\cmath **** #undef div
  54:c:\program files\daisytoolchain\arm-none-eabi\include\c++\10.2.1\cmath **** #undef acos
  55:c:\program files\daisytoolchain\arm-none-eabi\include\c++\10.2.1\cmath **** #undef asin
  56:c:\program files\daisytoolchain\arm-none-eabi\include\c++\10.2.1\cmath **** #undef atan
  57:c:\program files\daisytoolchain\arm-none-eabi\include\c++\10.2.1\cmath **** #undef atan2
  58:c:\program files\daisytoolchain\arm-none-eabi\include\c++\10.2.1\cmath **** #undef ceil
  59:c:\program files\daisytoolchain\arm-none-eabi\include\c++\10.2.1\cmath **** #undef cos
  60:c:\program files\daisytoolchain\arm-none-eabi\include\c++\10.2.1\cmath **** #undef cosh
  61:c:\program files\daisytoolchain\arm-none-eabi\include\c++\10.2.1\cmath **** #undef exp
  62:c:\program files\daisytoolchain\arm-none-eabi\include\c++\10.2.1\cmath **** #undef fabs
  63:c:\program files\daisytoolchain\arm-none-eabi\include\c++\10.2.1\cmath **** #undef floor
  64:c:\program files\daisytoolchain\arm-none-eabi\include\c++\10.2.1\cmath **** #undef fmod
  65:c:\program files\daisytoolchain\arm-none-eabi\include\c++\10.2.1\cmath **** #undef frexp
  66:c:\program files\daisytoolchain\arm-none-eabi\include\c++\10.2.1\cmath **** #undef ldexp
  67:c:\program files\daisytoolchain\arm-none-eabi\include\c++\10.2.1\cmath **** #undef log
  68:c:\program files\daisytoolchain\arm-none-eabi\include\c++\10.2.1\cmath **** #undef log10
  69:c:\program files\daisytoolchain\arm-none-eabi\include\c++\10.2.1\cmath **** #undef modf
  70:c:\program files\daisytoolchain\arm-none-eabi\include\c++\10.2.1\cmath **** #undef pow
  71:c:\program files\daisytoolchain\arm-none-eabi\include\c++\10.2.1\cmath **** #undef sin
  72:c:\program files\daisytoolchain\arm-none-eabi\include\c++\10.2.1\cmath **** #undef sinh
  73:c:\program files\daisytoolchain\arm-none-eabi\include\c++\10.2.1\cmath **** #undef sqrt
  74:c:\program files\daisytoolchain\arm-none-eabi\include\c++\10.2.1\cmath **** #undef tan
  75:c:\program files\daisytoolchain\arm-none-eabi\include\c++\10.2.1\cmath **** #undef tanh
  76:c:\program files\daisytoolchain\arm-none-eabi\include\c++\10.2.1\cmath **** 
  77:c:\program files\daisytoolchain\arm-none-eabi\include\c++\10.2.1\cmath **** extern "C++"
  78:c:\program files\daisytoolchain\arm-none-eabi\include\c++\10.2.1\cmath **** {
  79:c:\program files\daisytoolchain\arm-none-eabi\include\c++\10.2.1\cmath **** namespace std _GLIBCXX_VISIBILITY(default)
  80:c:\program files\daisytoolchain\arm-none-eabi\include\c++\10.2.1\cmath **** {
  81:c:\program files\daisytoolchain\arm-none-eabi\include\c++\10.2.1\cmath **** _GLIBCXX_BEGIN_NAMESPACE_VERSION
  82:c:\program files\daisytoolchain\arm-none-eabi\include\c++\10.2.1\cmath **** 
  83:c:\program files\daisytoolchain\arm-none-eabi\include\c++\10.2.1\cmath ****   using ::acos;
  84:c:\program files\daisytoolchain\arm-none-eabi\include\c++\10.2.1\cmath **** 
  85:c:\program files\daisytoolchain\arm-none-eabi\include\c++\10.2.1\cmath **** #ifndef __CORRECT_ISO_CPP_MATH_H_PROTO
  86:c:\program files\daisytoolchain\arm-none-eabi\include\c++\10.2.1\cmath ****   inline _GLIBCXX_CONSTEXPR float
  87:c:\program files\daisytoolchain\arm-none-eabi\include\c++\10.2.1\cmath ****   acos(float __x)
  88:c:\program files\daisytoolchain\arm-none-eabi\include\c++\10.2.1\cmath ****   { return __builtin_acosf(__x); }
  89:c:\program files\daisytoolchain\arm-none-eabi\include\c++\10.2.1\cmath **** 
  90:c:\program files\daisytoolchain\arm-none-eabi\include\c++\10.2.1\cmath ****   inline _GLIBCXX_CONSTEXPR long double
  91:c:\program files\daisytoolchain\arm-none-eabi\include\c++\10.2.1\cmath ****   acos(long double __x)
  92:c:\program files\daisytoolchain\arm-none-eabi\include\c++\10.2.1\cmath ****   { return __builtin_acosl(__x); }
  93:c:\program files\daisytoolchain\arm-none-eabi\include\c++\10.2.1\cmath **** #endif
  94:c:\program files\daisytoolchain\arm-none-eabi\include\c++\10.2.1\cmath **** 
  95:c:\program files\daisytoolchain\arm-none-eabi\include\c++\10.2.1\cmath ****   template<typename _Tp>
  96:c:\program files\daisytoolchain\arm-none-eabi\include\c++\10.2.1\cmath ****     inline _GLIBCXX_CONSTEXPR
ARM GAS  C:\Users\micke\AppData\Local\Temp\ccxJD8Ul.s 			page 17


  97:c:\program files\daisytoolchain\arm-none-eabi\include\c++\10.2.1\cmath ****     typename __gnu_cxx::__enable_if<__is_integer<_Tp>::__value, 
  98:c:\program files\daisytoolchain\arm-none-eabi\include\c++\10.2.1\cmath ****                                     double>::__type
  99:c:\program files\daisytoolchain\arm-none-eabi\include\c++\10.2.1\cmath ****     acos(_Tp __x)
 100:c:\program files\daisytoolchain\arm-none-eabi\include\c++\10.2.1\cmath ****     { return __builtin_acos(__x); }
 101:c:\program files\daisytoolchain\arm-none-eabi\include\c++\10.2.1\cmath **** 
 102:c:\program files\daisytoolchain\arm-none-eabi\include\c++\10.2.1\cmath ****   using ::asin;
 103:c:\program files\daisytoolchain\arm-none-eabi\include\c++\10.2.1\cmath **** 
 104:c:\program files\daisytoolchain\arm-none-eabi\include\c++\10.2.1\cmath **** #ifndef __CORRECT_ISO_CPP_MATH_H_PROTO
 105:c:\program files\daisytoolchain\arm-none-eabi\include\c++\10.2.1\cmath ****   inline _GLIBCXX_CONSTEXPR float
 106:c:\program files\daisytoolchain\arm-none-eabi\include\c++\10.2.1\cmath ****   asin(float __x)
 107:c:\program files\daisytoolchain\arm-none-eabi\include\c++\10.2.1\cmath ****   { return __builtin_asinf(__x); }
 108:c:\program files\daisytoolchain\arm-none-eabi\include\c++\10.2.1\cmath **** 
 109:c:\program files\daisytoolchain\arm-none-eabi\include\c++\10.2.1\cmath ****   inline _GLIBCXX_CONSTEXPR long double
 110:c:\program files\daisytoolchain\arm-none-eabi\include\c++\10.2.1\cmath ****   asin(long double __x)
 111:c:\program files\daisytoolchain\arm-none-eabi\include\c++\10.2.1\cmath ****   { return __builtin_asinl(__x); }
 112:c:\program files\daisytoolchain\arm-none-eabi\include\c++\10.2.1\cmath **** #endif
 113:c:\program files\daisytoolchain\arm-none-eabi\include\c++\10.2.1\cmath **** 
 114:c:\program files\daisytoolchain\arm-none-eabi\include\c++\10.2.1\cmath ****   template<typename _Tp>
 115:c:\program files\daisytoolchain\arm-none-eabi\include\c++\10.2.1\cmath ****     inline _GLIBCXX_CONSTEXPR
 116:c:\program files\daisytoolchain\arm-none-eabi\include\c++\10.2.1\cmath ****     typename __gnu_cxx::__enable_if<__is_integer<_Tp>::__value,
 117:c:\program files\daisytoolchain\arm-none-eabi\include\c++\10.2.1\cmath ****                                     double>::__type
 118:c:\program files\daisytoolchain\arm-none-eabi\include\c++\10.2.1\cmath ****     asin(_Tp __x)
 119:c:\program files\daisytoolchain\arm-none-eabi\include\c++\10.2.1\cmath ****     { return __builtin_asin(__x); }
 120:c:\program files\daisytoolchain\arm-none-eabi\include\c++\10.2.1\cmath **** 
 121:c:\program files\daisytoolchain\arm-none-eabi\include\c++\10.2.1\cmath ****   using ::atan;
 122:c:\program files\daisytoolchain\arm-none-eabi\include\c++\10.2.1\cmath **** 
 123:c:\program files\daisytoolchain\arm-none-eabi\include\c++\10.2.1\cmath **** #ifndef __CORRECT_ISO_CPP_MATH_H_PROTO
 124:c:\program files\daisytoolchain\arm-none-eabi\include\c++\10.2.1\cmath ****   inline _GLIBCXX_CONSTEXPR float
 125:c:\program files\daisytoolchain\arm-none-eabi\include\c++\10.2.1\cmath ****   atan(float __x)
 126:c:\program files\daisytoolchain\arm-none-eabi\include\c++\10.2.1\cmath ****   { return __builtin_atanf(__x); }
 127:c:\program files\daisytoolchain\arm-none-eabi\include\c++\10.2.1\cmath **** 
 128:c:\program files\daisytoolchain\arm-none-eabi\include\c++\10.2.1\cmath ****   inline _GLIBCXX_CONSTEXPR long double
 129:c:\program files\daisytoolchain\arm-none-eabi\include\c++\10.2.1\cmath ****   atan(long double __x)
 130:c:\program files\daisytoolchain\arm-none-eabi\include\c++\10.2.1\cmath ****   { return __builtin_atanl(__x); }
 131:c:\program files\daisytoolchain\arm-none-eabi\include\c++\10.2.1\cmath **** #endif
 132:c:\program files\daisytoolchain\arm-none-eabi\include\c++\10.2.1\cmath **** 
 133:c:\program files\daisytoolchain\arm-none-eabi\include\c++\10.2.1\cmath ****   template<typename _Tp>
 134:c:\program files\daisytoolchain\arm-none-eabi\include\c++\10.2.1\cmath ****     inline _GLIBCXX_CONSTEXPR
 135:c:\program files\daisytoolchain\arm-none-eabi\include\c++\10.2.1\cmath ****     typename __gnu_cxx::__enable_if<__is_integer<_Tp>::__value,
 136:c:\program files\daisytoolchain\arm-none-eabi\include\c++\10.2.1\cmath ****                                     double>::__type
 137:c:\program files\daisytoolchain\arm-none-eabi\include\c++\10.2.1\cmath ****     atan(_Tp __x)
 138:c:\program files\daisytoolchain\arm-none-eabi\include\c++\10.2.1\cmath ****     { return __builtin_atan(__x); }
 139:c:\program files\daisytoolchain\arm-none-eabi\include\c++\10.2.1\cmath **** 
 140:c:\program files\daisytoolchain\arm-none-eabi\include\c++\10.2.1\cmath ****   using ::atan2;
 141:c:\program files\daisytoolchain\arm-none-eabi\include\c++\10.2.1\cmath **** 
 142:c:\program files\daisytoolchain\arm-none-eabi\include\c++\10.2.1\cmath **** #ifndef __CORRECT_ISO_CPP_MATH_H_PROTO
 143:c:\program files\daisytoolchain\arm-none-eabi\include\c++\10.2.1\cmath ****   inline _GLIBCXX_CONSTEXPR float
 144:c:\program files\daisytoolchain\arm-none-eabi\include\c++\10.2.1\cmath ****   atan2(float __y, float __x)
 145:c:\program files\daisytoolchain\arm-none-eabi\include\c++\10.2.1\cmath ****   { return __builtin_atan2f(__y, __x); }
 146:c:\program files\daisytoolchain\arm-none-eabi\include\c++\10.2.1\cmath **** 
 147:c:\program files\daisytoolchain\arm-none-eabi\include\c++\10.2.1\cmath ****   inline _GLIBCXX_CONSTEXPR long double
 148:c:\program files\daisytoolchain\arm-none-eabi\include\c++\10.2.1\cmath ****   atan2(long double __y, long double __x)
 149:c:\program files\daisytoolchain\arm-none-eabi\include\c++\10.2.1\cmath ****   { return __builtin_atan2l(__y, __x); }
 150:c:\program files\daisytoolchain\arm-none-eabi\include\c++\10.2.1\cmath **** #endif
 151:c:\program files\daisytoolchain\arm-none-eabi\include\c++\10.2.1\cmath **** 
 152:c:\program files\daisytoolchain\arm-none-eabi\include\c++\10.2.1\cmath ****   template<typename _Tp, typename _Up>
 153:c:\program files\daisytoolchain\arm-none-eabi\include\c++\10.2.1\cmath ****     inline _GLIBCXX_CONSTEXPR
ARM GAS  C:\Users\micke\AppData\Local\Temp\ccxJD8Ul.s 			page 18


 154:c:\program files\daisytoolchain\arm-none-eabi\include\c++\10.2.1\cmath ****     typename __gnu_cxx::__promote_2<_Tp, _Up>::__type
 155:c:\program files\daisytoolchain\arm-none-eabi\include\c++\10.2.1\cmath ****     atan2(_Tp __y, _Up __x)
 156:c:\program files\daisytoolchain\arm-none-eabi\include\c++\10.2.1\cmath ****     {
 157:c:\program files\daisytoolchain\arm-none-eabi\include\c++\10.2.1\cmath ****       typedef typename __gnu_cxx::__promote_2<_Tp, _Up>::__type __type;
 158:c:\program files\daisytoolchain\arm-none-eabi\include\c++\10.2.1\cmath ****       return atan2(__type(__y), __type(__x));
 159:c:\program files\daisytoolchain\arm-none-eabi\include\c++\10.2.1\cmath ****     }
 160:c:\program files\daisytoolchain\arm-none-eabi\include\c++\10.2.1\cmath **** 
 161:c:\program files\daisytoolchain\arm-none-eabi\include\c++\10.2.1\cmath ****   using ::ceil;
 162:c:\program files\daisytoolchain\arm-none-eabi\include\c++\10.2.1\cmath **** 
 163:c:\program files\daisytoolchain\arm-none-eabi\include\c++\10.2.1\cmath **** #ifndef __CORRECT_ISO_CPP_MATH_H_PROTO
 164:c:\program files\daisytoolchain\arm-none-eabi\include\c++\10.2.1\cmath ****   inline _GLIBCXX_CONSTEXPR float
 165:c:\program files\daisytoolchain\arm-none-eabi\include\c++\10.2.1\cmath ****   ceil(float __x)
 166:c:\program files\daisytoolchain\arm-none-eabi\include\c++\10.2.1\cmath ****   { return __builtin_ceilf(__x); }
 167:c:\program files\daisytoolchain\arm-none-eabi\include\c++\10.2.1\cmath **** 
 168:c:\program files\daisytoolchain\arm-none-eabi\include\c++\10.2.1\cmath ****   inline _GLIBCXX_CONSTEXPR long double
 169:c:\program files\daisytoolchain\arm-none-eabi\include\c++\10.2.1\cmath ****   ceil(long double __x)
 170:c:\program files\daisytoolchain\arm-none-eabi\include\c++\10.2.1\cmath ****   { return __builtin_ceill(__x); }
 171:c:\program files\daisytoolchain\arm-none-eabi\include\c++\10.2.1\cmath **** #endif
 172:c:\program files\daisytoolchain\arm-none-eabi\include\c++\10.2.1\cmath **** 
 173:c:\program files\daisytoolchain\arm-none-eabi\include\c++\10.2.1\cmath ****   template<typename _Tp>
 174:c:\program files\daisytoolchain\arm-none-eabi\include\c++\10.2.1\cmath ****     inline _GLIBCXX_CONSTEXPR
 175:c:\program files\daisytoolchain\arm-none-eabi\include\c++\10.2.1\cmath ****     typename __gnu_cxx::__enable_if<__is_integer<_Tp>::__value, 
 176:c:\program files\daisytoolchain\arm-none-eabi\include\c++\10.2.1\cmath ****                                     double>::__type
 177:c:\program files\daisytoolchain\arm-none-eabi\include\c++\10.2.1\cmath ****     ceil(_Tp __x)
 178:c:\program files\daisytoolchain\arm-none-eabi\include\c++\10.2.1\cmath ****     { return __builtin_ceil(__x); }
 179:c:\program files\daisytoolchain\arm-none-eabi\include\c++\10.2.1\cmath **** 
 180:c:\program files\daisytoolchain\arm-none-eabi\include\c++\10.2.1\cmath ****   using ::cos;
 181:c:\program files\daisytoolchain\arm-none-eabi\include\c++\10.2.1\cmath **** 
 182:c:\program files\daisytoolchain\arm-none-eabi\include\c++\10.2.1\cmath **** #ifndef __CORRECT_ISO_CPP_MATH_H_PROTO
 183:c:\program files\daisytoolchain\arm-none-eabi\include\c++\10.2.1\cmath ****   inline _GLIBCXX_CONSTEXPR float
 184:c:\program files\daisytoolchain\arm-none-eabi\include\c++\10.2.1\cmath ****   cos(float __x)
 185:c:\program files\daisytoolchain\arm-none-eabi\include\c++\10.2.1\cmath ****   { return __builtin_cosf(__x); }
 186:c:\program files\daisytoolchain\arm-none-eabi\include\c++\10.2.1\cmath **** 
 187:c:\program files\daisytoolchain\arm-none-eabi\include\c++\10.2.1\cmath ****   inline _GLIBCXX_CONSTEXPR long double
 188:c:\program files\daisytoolchain\arm-none-eabi\include\c++\10.2.1\cmath ****   cos(long double __x)
 189:c:\program files\daisytoolchain\arm-none-eabi\include\c++\10.2.1\cmath ****   { return __builtin_cosl(__x); }
 190:c:\program files\daisytoolchain\arm-none-eabi\include\c++\10.2.1\cmath **** #endif
 191:c:\program files\daisytoolchain\arm-none-eabi\include\c++\10.2.1\cmath **** 
 192:c:\program files\daisytoolchain\arm-none-eabi\include\c++\10.2.1\cmath ****   template<typename _Tp>
 193:c:\program files\daisytoolchain\arm-none-eabi\include\c++\10.2.1\cmath ****     inline _GLIBCXX_CONSTEXPR
 194:c:\program files\daisytoolchain\arm-none-eabi\include\c++\10.2.1\cmath ****     typename __gnu_cxx::__enable_if<__is_integer<_Tp>::__value,
 195:c:\program files\daisytoolchain\arm-none-eabi\include\c++\10.2.1\cmath ****                                     double>::__type
 196:c:\program files\daisytoolchain\arm-none-eabi\include\c++\10.2.1\cmath ****     cos(_Tp __x)
 197:c:\program files\daisytoolchain\arm-none-eabi\include\c++\10.2.1\cmath ****     { return __builtin_cos(__x); }
 198:c:\program files\daisytoolchain\arm-none-eabi\include\c++\10.2.1\cmath **** 
 199:c:\program files\daisytoolchain\arm-none-eabi\include\c++\10.2.1\cmath ****   using ::cosh;
 200:c:\program files\daisytoolchain\arm-none-eabi\include\c++\10.2.1\cmath **** 
 201:c:\program files\daisytoolchain\arm-none-eabi\include\c++\10.2.1\cmath **** #ifndef __CORRECT_ISO_CPP_MATH_H_PROTO
 202:c:\program files\daisytoolchain\arm-none-eabi\include\c++\10.2.1\cmath ****   inline _GLIBCXX_CONSTEXPR float
 203:c:\program files\daisytoolchain\arm-none-eabi\include\c++\10.2.1\cmath ****   cosh(float __x)
 204:c:\program files\daisytoolchain\arm-none-eabi\include\c++\10.2.1\cmath ****   { return __builtin_coshf(__x); }
 205:c:\program files\daisytoolchain\arm-none-eabi\include\c++\10.2.1\cmath **** 
 206:c:\program files\daisytoolchain\arm-none-eabi\include\c++\10.2.1\cmath ****   inline _GLIBCXX_CONSTEXPR long double
 207:c:\program files\daisytoolchain\arm-none-eabi\include\c++\10.2.1\cmath ****   cosh(long double __x)
 208:c:\program files\daisytoolchain\arm-none-eabi\include\c++\10.2.1\cmath ****   { return __builtin_coshl(__x); }
 209:c:\program files\daisytoolchain\arm-none-eabi\include\c++\10.2.1\cmath **** #endif
 210:c:\program files\daisytoolchain\arm-none-eabi\include\c++\10.2.1\cmath **** 
ARM GAS  C:\Users\micke\AppData\Local\Temp\ccxJD8Ul.s 			page 19


 211:c:\program files\daisytoolchain\arm-none-eabi\include\c++\10.2.1\cmath ****   template<typename _Tp>
 212:c:\program files\daisytoolchain\arm-none-eabi\include\c++\10.2.1\cmath ****     inline _GLIBCXX_CONSTEXPR
 213:c:\program files\daisytoolchain\arm-none-eabi\include\c++\10.2.1\cmath ****     typename __gnu_cxx::__enable_if<__is_integer<_Tp>::__value,
 214:c:\program files\daisytoolchain\arm-none-eabi\include\c++\10.2.1\cmath ****                                     double>::__type
 215:c:\program files\daisytoolchain\arm-none-eabi\include\c++\10.2.1\cmath ****     cosh(_Tp __x)
 216:c:\program files\daisytoolchain\arm-none-eabi\include\c++\10.2.1\cmath ****     { return __builtin_cosh(__x); }
 217:c:\program files\daisytoolchain\arm-none-eabi\include\c++\10.2.1\cmath **** 
 218:c:\program files\daisytoolchain\arm-none-eabi\include\c++\10.2.1\cmath ****   using ::exp;
 219:c:\program files\daisytoolchain\arm-none-eabi\include\c++\10.2.1\cmath **** 
 220:c:\program files\daisytoolchain\arm-none-eabi\include\c++\10.2.1\cmath **** #ifndef __CORRECT_ISO_CPP_MATH_H_PROTO
 221:c:\program files\daisytoolchain\arm-none-eabi\include\c++\10.2.1\cmath ****   inline _GLIBCXX_CONSTEXPR float
 222:c:\program files\daisytoolchain\arm-none-eabi\include\c++\10.2.1\cmath ****   exp(float __x)
 223:c:\program files\daisytoolchain\arm-none-eabi\include\c++\10.2.1\cmath ****   { return __builtin_expf(__x); }
 224:c:\program files\daisytoolchain\arm-none-eabi\include\c++\10.2.1\cmath **** 
 225:c:\program files\daisytoolchain\arm-none-eabi\include\c++\10.2.1\cmath ****   inline _GLIBCXX_CONSTEXPR long double
 226:c:\program files\daisytoolchain\arm-none-eabi\include\c++\10.2.1\cmath ****   exp(long double __x)
 227:c:\program files\daisytoolchain\arm-none-eabi\include\c++\10.2.1\cmath ****   { return __builtin_expl(__x); }
 228:c:\program files\daisytoolchain\arm-none-eabi\include\c++\10.2.1\cmath **** #endif
 229:c:\program files\daisytoolchain\arm-none-eabi\include\c++\10.2.1\cmath **** 
 230:c:\program files\daisytoolchain\arm-none-eabi\include\c++\10.2.1\cmath ****   template<typename _Tp>
 231:c:\program files\daisytoolchain\arm-none-eabi\include\c++\10.2.1\cmath ****     inline _GLIBCXX_CONSTEXPR
 232:c:\program files\daisytoolchain\arm-none-eabi\include\c++\10.2.1\cmath ****     typename __gnu_cxx::__enable_if<__is_integer<_Tp>::__value,
 233:c:\program files\daisytoolchain\arm-none-eabi\include\c++\10.2.1\cmath ****                                     double>::__type
 234:c:\program files\daisytoolchain\arm-none-eabi\include\c++\10.2.1\cmath ****     exp(_Tp __x)
 235:c:\program files\daisytoolchain\arm-none-eabi\include\c++\10.2.1\cmath ****     { return __builtin_exp(__x); }
 236:c:\program files\daisytoolchain\arm-none-eabi\include\c++\10.2.1\cmath **** 
 237:c:\program files\daisytoolchain\arm-none-eabi\include\c++\10.2.1\cmath ****   using ::fabs;
 238:c:\program files\daisytoolchain\arm-none-eabi\include\c++\10.2.1\cmath **** 
 239:c:\program files\daisytoolchain\arm-none-eabi\include\c++\10.2.1\cmath **** #ifndef __CORRECT_ISO_CPP_MATH_H_PROTO
 240:c:\program files\daisytoolchain\arm-none-eabi\include\c++\10.2.1\cmath ****   inline _GLIBCXX_CONSTEXPR float
 241:c:\program files\daisytoolchain\arm-none-eabi\include\c++\10.2.1\cmath ****   fabs(float __x)
 668              		.loc 2 241 3 view .LVU160
 669              	.LBB46:
 242:c:\program files\daisytoolchain\arm-none-eabi\include\c++\10.2.1\cmath ****   { return __builtin_fabsf(__x); }
 670              		.loc 2 242 5 view .LVU161
 671              		.loc 2 242 31 is_stmt 0 view .LVU162
 672 0034 F0EEC75A 		vabs.f32	s11, s14
 673              	.LBE46:
 674              	.LBE45:
 675              		.loc 1 72 9 view .LVU163
 676 0038 F4EEC65A 		vcmpe.f32	s11, s12
 677 003c F1EE10FA 		vmrs	APSR_nzcv, FPSCR
 678 0040 0ED4     		bmi	.L58
  73:YinDetector.cpp ****             return float(tau); // Avoid division by zero
  74:YinDetector.cpp ****         }
  75:YinDetector.cpp ****         return float(tau) + 0.5f * (a - c) / denom;
 679              		.loc 1 75 9 is_stmt 1 view .LVU164
 680              		.loc 1 75 39 is_stmt 0 view .LVU165
 681 0042 77EEE67A 		vsub.f32	s15, s15, s13
 682              	.LVL51:
 683              		.loc 1 75 16 view .LVU166
 684 0046 06EE101A 		vmov	s12, r1	@ int
 685              		.loc 1 75 34 view .LVU167
 686 004a F6EE006A 		vmov.f32	s13, #5.0e-1
 687              	.LVL52:
 688              		.loc 1 75 16 view .LVU168
 689 004e B8EEC60A 		vcvt.f32.s32	s0, s12
ARM GAS  C:\Users\micke\AppData\Local\Temp\ccxJD8Ul.s 			page 20


 690              		.loc 1 75 34 view .LVU169
 691 0052 67EEA67A 		vmul.f32	s15, s15, s13
 692              		.loc 1 75 44 view .LVU170
 693 0056 C7EE876A 		vdiv.f32	s13, s15, s14
 694              		.loc 1 75 46 view .LVU171
 695 005a 36EE800A 		vadd.f32	s0, s13, s0
 696              	.LVL53:
 697              		.loc 1 75 46 view .LVU172
 698              	.LBE44:
 699              	.LBE43:
  76:YinDetector.cpp **** 
  77:YinDetector.cpp **** 
  78:YinDetector.cpp ****   }
 700              		.loc 1 78 3 view .LVU173
 701 005e 7047     		bx	lr
 702              	.L58:
  65:YinDetector.cpp ****         }
 703              		.loc 1 65 13 is_stmt 1 view .LVU174
  65:YinDetector.cpp ****         }
 704              		.loc 1 65 29 is_stmt 0 view .LVU175
 705 0060 07EE901A 		vmov	s15, r1	@ int
 706 0064 B8EEE70A 		vcvt.f32.s32	s0, s15
 707 0068 7047     		bx	lr
 708              	.L62:
 709 006a 00BF     		.align	2
 710              	.L61:
 711 006c BD378635 		.word	897988541
 712              		.cfi_endproc
 713              	.LFE555:
 715              		.section	.text._ZN11YinDetector7ProcessEPKfi,"ax",%progbits
 716              		.align	1
 717              		.p2align 2,,3
 718              		.global	_ZN11YinDetector7ProcessEPKfi
 719              		.syntax unified
 720              		.thumb
 721              		.thumb_func
 722              		.fpu fpv5-d16
 724              	_ZN11YinDetector7ProcessEPKfi:
 725              	.LVL54:
 726              	.LFB556:
  79:YinDetector.cpp **** 
  80:YinDetector.cpp **** 
  81:YinDetector.cpp ****  PitchResult YinDetector::Process(const float *buffer, int bufferSize)
  82:YinDetector.cpp ****  {
 727              		.loc 1 82 2 is_stmt 1 view -0
 728              		.cfi_startproc
 729              		@ args = 0, pretend = 0, frame = 32
 730              		@ frame_needed = 0, uses_anonymous_args = 0
  83:YinDetector.cpp ****     PitchResult result = {0.0f, 0.0f, false};
 731              		.loc 1 83 5 view .LVU177
  84:YinDetector.cpp **** 
  85:YinDetector.cpp ****     computeDifference(buffer, bufferSize);
 732              		.loc 1 85 5 view .LVU178
  82:YinDetector.cpp ****     PitchResult result = {0.0f, 0.0f, false};
 733              		.loc 1 82 2 is_stmt 0 view .LVU179
 734 0000 10B5     		push	{r4, lr}
 735              		.cfi_def_cfa_offset 8
ARM GAS  C:\Users\micke\AppData\Local\Temp\ccxJD8Ul.s 			page 21


 736              		.cfi_offset 4, -8
 737              		.cfi_offset 14, -4
 738 0002 0446     		mov	r4, r0
 739 0004 88B0     		sub	sp, sp, #32
 740              		.cfi_def_cfa_offset 40
 741              		.loc 1 85 22 view .LVU180
 742 0006 FFF7FEFF 		bl	_ZN11YinDetector17computeDifferenceEPKfi
 743              	.LVL55:
  86:YinDetector.cpp ****     computeCMNDF();
 744              		.loc 1 86 5 is_stmt 1 view .LVU181
 745              	.LBB50:
 746              	.LBI50:
  34:YinDetector.cpp ****     d_norm_[0] = 1.0f;
 747              		.loc 1 34 6 view .LVU182
 748              	.LBB51:
  35:YinDetector.cpp ****     float cumsum = 0.0f;
 749              		.loc 1 35 5 view .LVU183
  35:YinDetector.cpp ****     float cumsum = 0.0f;
 750              		.loc 1 35 16 is_stmt 0 view .LVU184
 751 000a 4FF07E51 		mov	r1, #1065353216
 752              	.LVL56:
 753              	.LBB52:
  37:YinDetector.cpp ****         cumsum += d_[tau];
 754              		.loc 1 37 29 view .LVU185
 755 000e A268     		ldr	r2, [r4, #8]
 756              	.LVL57:
  37:YinDetector.cpp ****         cumsum += d_[tau];
 757              		.loc 1 37 29 view .LVU186
 758              	.LBE52:
  35:YinDetector.cpp ****     float cumsum = 0.0f;
 759              		.loc 1 35 16 view .LVU187
 760 0010 04F50053 		add	r3, r4, #8192
 761              	.LBB53:
  37:YinDetector.cpp ****         cumsum += d_[tau];
 762              		.loc 1 37 27 view .LVU188
 763 0014 012A     		cmp	r2, #1
 764              	.LBE53:
  35:YinDetector.cpp ****     float cumsum = 0.0f;
 765              		.loc 1 35 16 view .LVU189
 766 0016 5961     		str	r1, [r3, #20]	@ float
  36:YinDetector.cpp ****     for (int tau = 1; tau < tauMax_; tau++) {
 767              		.loc 1 36 5 is_stmt 1 view .LVU190
 768              	.LVL58:
  37:YinDetector.cpp ****         cumsum += d_[tau];
 769              		.loc 1 37 5 view .LVU191
 770              	.LBB54:
  37:YinDetector.cpp ****         cumsum += d_[tau];
 771              		.loc 1 37 27 view .LVU192
 772 0018 24DD     		ble	.L64
 773 001a 42F21801 		movw	r1, #8216
 774 001e 04F1140C 		add	ip, r4, #20
 775 0022 04F11803 		add	r3, r4, #24
 776              	.LBE54:
  36:YinDetector.cpp ****     for (int tau = 1; tau < tauMax_; tau++) {
 777              		.loc 1 36 11 is_stmt 0 view .LVU193
 778 0026 DFED257A 		vldr.32	s15, .L76
 779 002a 0CEB820C 		add	ip, ip, r2, lsl #2
ARM GAS  C:\Users\micke\AppData\Local\Temp\ccxJD8Ul.s 			page 22


 780 002e 2144     		add	r1, r1, r4
 781              	.LBB55:
  37:YinDetector.cpp ****         cumsum += d_[tau];
 782              		.loc 1 37 14 view .LVU194
 783 0030 0122     		movs	r2, #1
 784              	.LVL59:
 785              	.L67:
  38:YinDetector.cpp ****         d_norm_[tau] = (cumsum > 0.0f) ? d_[tau] / (cumsum / tau) : 0.0f;
 786              		.loc 1 38 9 is_stmt 1 view .LVU195
  38:YinDetector.cpp ****         d_norm_[tau] = (cumsum > 0.0f) ? d_[tau] / (cumsum / tau) : 0.0f;
 787              		.loc 1 38 25 is_stmt 0 view .LVU196
 788 0032 F3EC016A 		vldmia.32	r3!, {s13}
  39:YinDetector.cpp ****     }
 789              		.loc 1 39 40 view .LVU197
 790 0036 9FED217A 		vldr.32	s14, .L76
  38:YinDetector.cpp ****         d_norm_[tau] = (cumsum > 0.0f) ? d_[tau] / (cumsum / tau) : 0.0f;
 791              		.loc 1 38 16 view .LVU198
 792 003a 77EEA67A 		vadd.f32	s15, s15, s13
 793              	.LVL60:
  39:YinDetector.cpp ****     }
 794              		.loc 1 39 9 is_stmt 1 view .LVU199
  39:YinDetector.cpp ****     }
 795              		.loc 1 39 40 is_stmt 0 view .LVU200
 796 003e F4EEC77A 		vcmpe.f32	s15, s14
 797 0042 F1EE10FA 		vmrs	APSR_nzcv, FPSCR
 798 0046 07DD     		ble	.L65
  39:YinDetector.cpp ****     }
 799              		.loc 1 39 60 view .LVU201
 800 0048 07EE102A 		vmov	s14, r2	@ int
 801 004c B8EEC77A 		vcvt.f32.s32	s14, s14
 802 0050 87EE876A 		vdiv.f32	s12, s15, s14
  39:YinDetector.cpp ****     }
 803              		.loc 1 39 40 view .LVU202
 804 0054 86EE867A 		vdiv.f32	s14, s13, s12
 805              	.L65:
  37:YinDetector.cpp ****         cumsum += d_[tau];
 806              		.loc 1 37 27 view .LVU203
 807 0058 6345     		cmp	r3, ip
  37:YinDetector.cpp ****         cumsum += d_[tau];
 808              		.loc 1 37 5 view .LVU204
 809 005a 02F10102 		add	r2, r2, #1
 810              	.LVL61:
  39:YinDetector.cpp ****     }
 811              		.loc 1 39 22 view .LVU205
 812 005e A1EC017A 		vstmia.32	r1!, {s14}
  37:YinDetector.cpp ****         cumsum += d_[tau];
 813              		.loc 1 37 5 is_stmt 1 view .LVU206
 814              	.LVL62:
  37:YinDetector.cpp ****         cumsum += d_[tau];
 815              		.loc 1 37 27 view .LVU207
 816 0062 E6D1     		bne	.L67
 817              	.LVL63:
 818              	.L64:
  37:YinDetector.cpp ****         cumsum += d_[tau];
 819              		.loc 1 37 27 is_stmt 0 view .LVU208
 820              	.LBE55:
 821              	.LBE51:
ARM GAS  C:\Users\micke\AppData\Local\Temp\ccxJD8Ul.s 			page 23


 822              	.LBE50:
  87:YinDetector.cpp **** 
  88:YinDetector.cpp ****     int tau = findTau();
 823              		.loc 1 88 5 is_stmt 1 view .LVU209
 824              		.loc 1 88 22 is_stmt 0 view .LVU210
 825 0064 2046     		mov	r0, r4
 826 0066 FFF7FEFF 		bl	_ZN11YinDetector7findTauEv
 827              	.LVL64:
  89:YinDetector.cpp **** 
  90:YinDetector.cpp ****     if (tau == -1){
 828              		.loc 1 90 5 view .LVU211
 829 006a 431C     		adds	r3, r0, #1
  88:YinDetector.cpp **** 
 830              		.loc 1 88 22 view .LVU212
 831 006c 0146     		mov	r1, r0
 832              	.LVL65:
 833              		.loc 1 90 5 is_stmt 1 view .LVU213
 834 006e 20D0     		beq	.L75
  91:YinDetector.cpp ****         return result;
  92:YinDetector.cpp ****     }
  93:YinDetector.cpp ****     
  94:YinDetector.cpp ****     float tauRefined = parabolicInterpolation(tau);
 835              		.loc 1 94 5 view .LVU214
 836              		.loc 1 94 46 is_stmt 0 view .LVU215
 837 0070 2046     		mov	r0, r4
 838              	.LVL66:
 839              		.loc 1 94 46 view .LVU216
 840 0072 FFF7FEFF 		bl	_ZN11YinDetector22parabolicInterpolationEi
 841              	.LVL67:
  95:YinDetector.cpp **** 
  96:YinDetector.cpp ****     result.frequency   = samplerate_ / tauRefined;
 842              		.loc 1 96 5 is_stmt 1 view .LVU217
  97:YinDetector.cpp ****     result.confidence  = 1.0f - d_norm_[tau]; // høj confidence = lav d_norm
 843              		.loc 1 97 5 view .LVU218
  96:YinDetector.cpp ****     result.confidence  = 1.0f - d_norm_[tau]; // høj confidence = lav d_norm
 844              		.loc 1 96 38 is_stmt 0 view .LVU219
 845 0076 94ED017A 		vldr.32	s14, [r4, #4]	@ int
 846              		.loc 1 97 44 view .LVU220
 847 007a 01F60401 		addw	r1, r1, #2052
 848              	.LVL68:
 849              		.loc 1 97 31 view .LVU221
 850 007e F7EE007A 		vmov.f32	s15, #1.0e+0
  96:YinDetector.cpp ****     result.confidence  = 1.0f - d_norm_[tau]; // høj confidence = lav d_norm
 851              		.loc 1 96 38 view .LVU222
 852 0082 B8EEC77A 		vcvt.f32.s32	s14, s14
 853              		.loc 1 97 44 view .LVU223
 854 0086 04EB8104 		add	r4, r4, r1, lsl #2
 855              	.LVL69:
  98:YinDetector.cpp ****     result.valid       = true;
  99:YinDetector.cpp **** 
 100:YinDetector.cpp ****     return result;
 856              		.loc 1 100 12 view .LVU224
 857 008a CDED077A 		vstr.32	s15, [sp, #28]
  96:YinDetector.cpp ****     result.confidence  = 1.0f - d_norm_[tau]; // høj confidence = lav d_norm
 858              		.loc 1 96 38 view .LVU225
 859 008e C7EE006A 		vdiv.f32	s13, s14, s0
 860              	.LVL70:
ARM GAS  C:\Users\micke\AppData\Local\Temp\ccxJD8Ul.s 			page 24


  97:YinDetector.cpp ****     result.valid       = true;
 861              		.loc 1 97 31 view .LVU226
 862 0092 94ED016A 		vldr.32	s12, [r4, #4]
 863 0096 77EEC67A 		vsub.f32	s15, s15, s12
 864              	.LVL71:
  98:YinDetector.cpp ****     result.valid       = true;
 865              		.loc 1 98 5 is_stmt 1 view .LVU227
 866              		.loc 1 100 5 view .LVU228
 867              		.loc 1 100 12 is_stmt 0 view .LVU229
 868 009a CDED067A 		vstr.32	s15, [sp, #24]
 869 009e CDED056A 		vstr.32	s13, [sp, #20]
 870              	.LVL72:
 871              	.L69:
 101:YinDetector.cpp **** 
 102:YinDetector.cpp ****  }
 872              		.loc 1 102 2 view .LVU230
 873 00a2 DDED060A 		vldr.32	s1, [sp, #24]
 874 00a6 9DED071A 		vldr.32	s2, [sp, #28]
 875 00aa 9DED050A 		vldr.32	s0, [sp, #20]
 876 00ae 08B0     		add	sp, sp, #32
 877              		.cfi_remember_state
 878              		.cfi_def_cfa_offset 8
 879              		@ sp needed
 880 00b0 10BD     		pop	{r4, pc}
 881              	.LVL73:
 882              	.L75:
 883              		.cfi_restore_state
  91:YinDetector.cpp ****     }
 884              		.loc 1 91 9 is_stmt 1 view .LVU231
  91:YinDetector.cpp ****     }
 885              		.loc 1 91 16 is_stmt 0 view .LVU232
 886 00b2 0023     		movs	r3, #0
 887 00b4 0593     		str	r3, [sp, #20]	@ float
 888 00b6 0693     		str	r3, [sp, #24]	@ float
 889 00b8 0793     		str	r3, [sp, #28]	@ float
 890 00ba F2E7     		b	.L69
 891              	.L77:
 892              		.align	2
 893              	.L76:
 894 00bc 00000000 		.word	0
 895              		.cfi_endproc
 896              	.LFE556:
 898              		.global	_ZTV11YinDetector
 899              		.section	.rodata._ZTV11YinDetector,"a"
 900              		.align	2
 901              		.set	.LANCHOR0,. + 0
 904              	_ZTV11YinDetector:
 905 0000 00000000 		.word	0
 906 0004 00000000 		.word	0
 907 0008 00000000 		.word	_ZN11YinDetectorD1Ev
 908 000c 00000000 		.word	_ZN11YinDetectorD0Ev
 909 0010 00000000 		.word	_ZN11YinDetector7ProcessEPKfi
 910 0014 00000000 		.word	_ZN11YinDetector4InitEi
 911              		.text
 912              	.Letext0:
 913              		.file 3 "c:\\program files\\daisytoolchain\\arm-none-eabi\\include\\c++\\10.2.1\\bits\\std_abs.h"
 914              		.file 4 "c:\\program files\\daisytoolchain\\arm-none-eabi\\include\\c++\\10.2.1\\arm-none-eabi\\th
ARM GAS  C:\Users\micke\AppData\Local\Temp\ccxJD8Ul.s 			page 25


 915              		.file 5 "c:\\program files\\daisytoolchain\\arm-none-eabi\\include\\math.h"
 916              		.file 6 "c:\\program files\\daisytoolchain\\arm-none-eabi\\include\\c++\\10.2.1\\math.h"
 917              		.file 7 "Algorithm.h"
 918              		.file 8 "YinDetector.h"
 919              		.file 9 "<built-in>"
ARM GAS  C:\Users\micke\AppData\Local\Temp\ccxJD8Ul.s 			page 26


DEFINED SYMBOLS
                            *ABS*:00000000 YinDetector.cpp
C:\Users\micke\AppData\Local\Temp\ccxJD8Ul.s:17     .text._ZN11YinDetector4InitEi:00000000 $t
C:\Users\micke\AppData\Local\Temp\ccxJD8Ul.s:26     .text._ZN11YinDetector4InitEi:00000000 _ZN11YinDetector4InitEi
C:\Users\micke\AppData\Local\Temp\ccxJD8Ul.s:95     .text._ZN11YinDetector4InitEi:00000038 $d
C:\Users\micke\AppData\Local\Temp\ccxJD8Ul.s:103    .text._ZN11YinDetectorD2Ev:00000000 $t
C:\Users\micke\AppData\Local\Temp\ccxJD8Ul.s:111    .text._ZN11YinDetectorD2Ev:00000000 _ZN11YinDetectorD2Ev
C:\Users\micke\AppData\Local\Temp\ccxJD8Ul.s:144    .text._ZN11YinDetectorD2Ev:00000010 $d
C:\Users\micke\AppData\Local\Temp\ccxJD8Ul.s:111    .text._ZN11YinDetectorD2Ev:00000000 _ZN11YinDetectorD1Ev
C:\Users\micke\AppData\Local\Temp\ccxJD8Ul.s:151    .text._ZN11YinDetectorD0Ev:00000000 $t
C:\Users\micke\AppData\Local\Temp\ccxJD8Ul.s:159    .text._ZN11YinDetectorD0Ev:00000000 _ZN11YinDetectorD0Ev
C:\Users\micke\AppData\Local\Temp\ccxJD8Ul.s:203    .text._ZN11YinDetectorD0Ev:0000001c $d
C:\Users\micke\AppData\Local\Temp\ccxJD8Ul.s:208    .text._ZN11YinDetectorC2Ev:00000000 $t
C:\Users\micke\AppData\Local\Temp\ccxJD8Ul.s:216    .text._ZN11YinDetectorC2Ev:00000000 _ZN11YinDetectorC2Ev
C:\Users\micke\AppData\Local\Temp\ccxJD8Ul.s:250    .text._ZN11YinDetectorC2Ev:00000010 $d
C:\Users\micke\AppData\Local\Temp\ccxJD8Ul.s:216    .text._ZN11YinDetectorC2Ev:00000000 _ZN11YinDetectorC1Ev
C:\Users\micke\AppData\Local\Temp\ccxJD8Ul.s:257    .text._ZN11YinDetector17computeDifferenceEPKfi:00000000 $t
C:\Users\micke\AppData\Local\Temp\ccxJD8Ul.s:265    .text._ZN11YinDetector17computeDifferenceEPKfi:00000000 _ZN11YinDetector17computeDifferenceEPKfi
C:\Users\micke\AppData\Local\Temp\ccxJD8Ul.s:382    .text._ZN11YinDetector17computeDifferenceEPKfi:00000068 $d
C:\Users\micke\AppData\Local\Temp\ccxJD8Ul.s:388    .text._ZN11YinDetector12computeCMNDFEv:00000000 $t
C:\Users\micke\AppData\Local\Temp\ccxJD8Ul.s:396    .text._ZN11YinDetector12computeCMNDFEv:00000000 _ZN11YinDetector12computeCMNDFEv
C:\Users\micke\AppData\Local\Temp\ccxJD8Ul.s:485    .text._ZN11YinDetector12computeCMNDFEv:00000064 $d
C:\Users\micke\AppData\Local\Temp\ccxJD8Ul.s:490    .text._ZN11YinDetector7findTauEv:00000000 $t
C:\Users\micke\AppData\Local\Temp\ccxJD8Ul.s:498    .text._ZN11YinDetector7findTauEv:00000000 _ZN11YinDetector7findTauEv
C:\Users\micke\AppData\Local\Temp\ccxJD8Ul.s:609    .text._ZN11YinDetector22parabolicInterpolationEi:00000000 $t
C:\Users\micke\AppData\Local\Temp\ccxJD8Ul.s:617    .text._ZN11YinDetector22parabolicInterpolationEi:00000000 _ZN11YinDetector22parabolicInterpolationEi
C:\Users\micke\AppData\Local\Temp\ccxJD8Ul.s:711    .text._ZN11YinDetector22parabolicInterpolationEi:0000006c $d
C:\Users\micke\AppData\Local\Temp\ccxJD8Ul.s:716    .text._ZN11YinDetector7ProcessEPKfi:00000000 $t
C:\Users\micke\AppData\Local\Temp\ccxJD8Ul.s:724    .text._ZN11YinDetector7ProcessEPKfi:00000000 _ZN11YinDetector7ProcessEPKfi
C:\Users\micke\AppData\Local\Temp\ccxJD8Ul.s:894    .text._ZN11YinDetector7ProcessEPKfi:000000bc $d
C:\Users\micke\AppData\Local\Temp\ccxJD8Ul.s:904    .rodata._ZTV11YinDetector:00000000 _ZTV11YinDetector
C:\Users\micke\AppData\Local\Temp\ccxJD8Ul.s:900    .rodata._ZTV11YinDetector:00000000 $d

UNDEFINED SYMBOLS
memset
_ZN9AlgorithmD2Ev
_ZdlPvj
_ZN9AlgorithmC2Ev
